C:\DOCUMENTS AND SETTINGS\ALL USERS\DOCUMENTS\VISUAL STUDIO 2010\PROJECTS\NISERVER_N13\DEBUG\NISERVER.EXE
C:\DOCUMENTS AND SETTINGS\ALL USERS\DOCUMENTS\VISUAL STUDIO 2010\PROJECTS\NISERVER_N13\DEBUG\NISERVER.ILK
C:\DOCUMENTS AND SETTINGS\ALL USERS\DOCUMENTS\VISUAL STUDIO 2010\PROJECTS\NISERVER_N13\DEBUG\NISERVER.PDB
C:\Documents and Settings\All Users\Documents\Visual Studio 2010\Projects\niserver_n13\niserver\Debug\cl.command.1.tlog
C:\Documents and Settings\All Users\Documents\Visual Studio 2010\Projects\niserver_n13\niserver\Debug\CL.read.1.tlog
C:\Documents and Settings\All Users\Documents\Visual Studio 2010\Projects\niserver_n13\niserver\Debug\CL.write.1.tlog
C:\DOCUMENTS AND SETTINGS\ALL USERS\DOCUMENTS\VISUAL STUDIO 2010\PROJECTS\NISERVER_N13\NISERVER\DEBUG\CONNECTSOCK.OBJ
C:\DOCUMENTS AND SETTINGS\ALL USERS\DOCUMENTS\VISUAL STUDIO 2010\PROJECTS\NISERVER_N13\NISERVER\DEBUG\CONTACQ-INTCLK.OBJ
C:\Documents and Settings\All Users\Documents\Visual Studio 2010\Projects\niserver_n13\niserver\Debug\link.2332.read.1.tlog
C:\Documents and Settings\All Users\Documents\Visual Studio 2010\Projects\niserver_n13\niserver\Debug\link.2332.write.1.tlog
C:\Documents and Settings\All Users\Documents\Visual Studio 2010\Projects\niserver_n13\niserver\Debug\link.2332-cvtres.read.1.tlog
C:\Documents and Settings\All Users\Documents\Visual Studio 2010\Projects\niserver_n13\niserver\Debug\link.2332-cvtres.write.1.tlog
C:\Documents and Settings\All Users\Documents\Visual Studio 2010\Projects\niserver_n13\niserver\Debug\link.command.1.tlog
C:\Documents and Settings\All Users\Documents\Visual Studio 2010\Projects\niserver_n13\niserver\Debug\link.read.1.tlog
C:\Documents and Settings\All Users\Documents\Visual Studio 2010\Projects\niserver_n13\niserver\Debug\link.write.1.tlog
C:\Documents and Settings\All Users\Documents\Visual Studio 2010\Projects\niserver_n13\niserver\Debug\link-cvtres.read.1.tlog
C:\Documents and Settings\All Users\Documents\Visual Studio 2010\Projects\niserver_n13\niserver\Debug\link-cvtres.write.1.tlog
C:\Documents and Settings\All Users\Documents\Visual Studio 2010\Projects\niserver_n13\niserver\Debug\mt.command.1.tlog
C:\Documents and Settings\All Users\Documents\Visual Studio 2010\Projects\niserver_n13\niserver\Debug\mt.read.1.tlog
C:\Documents and Settings\All Users\Documents\Visual Studio 2010\Projects\niserver_n13\niserver\Debug\mt.write.1.tlog
C:\DOCUMENTS AND SETTINGS\ALL USERS\DOCUMENTS\VISUAL STUDIO 2010\PROJECTS\NISERVER_N13\NISERVER\DEBUG\NETMETER.OBJ
C:\DOCUMENTS AND SETTINGS\ALL USERS\DOCUMENTS\VISUAL STUDIO 2010\PROJECTS\NISERVER_N13\NISERVER\DEBUG\NIDAQMX_SERVER.OBJ
C:\DOCUMENTS AND SETTINGS\ALL USERS\DOCUMENTS\VISUAL STUDIO 2010\PROJECTS\NISERVER_N13\NISERVER\DEBUG\NISERVER.EXE.EMBED.MANIFEST
C:\DOCUMENTS AND SETTINGS\ALL USERS\DOCUMENTS\VISUAL STUDIO 2010\PROJECTS\NISERVER_N13\NISERVER\DEBUG\NISERVER.EXE.EMBED.MANIFEST.RES
C:\DOCUMENTS AND SETTINGS\ALL USERS\DOCUMENTS\VISUAL STUDIO 2010\PROJECTS\NISERVER_N13\NISERVER\DEBUG\NISERVER.EXE.INTERMEDIATE.MANIFEST
C:\Documents and Settings\All Users\Documents\Visual Studio 2010\Projects\niserver_n13\niserver\Debug\niserver_manifest.rc
C:\Documents and Settings\All Users\Documents\Visual Studio 2010\Projects\niserver_n13\niserver\Debug\rc.command.1.tlog
C:\Documents and Settings\All Users\Documents\Visual Studio 2010\Projects\niserver_n13\niserver\Debug\rc.read.1.tlog
C:\Documents and Settings\All Users\Documents\Visual Studio 2010\Projects\niserver_n13\niserver\Debug\rc.write.1.tlog
C:\DOCUMENTS AND SETTINGS\ALL USERS\DOCUMENTS\VISUAL STUDIO 2010\PROJECTS\NISERVER_N13\NISERVER\DEBUG\UTILS.OBJ
C:\Documents and Settings\All Users\Documents\Visual Studio 2010\Projects\niserver_n13\niserver\Debug\vc100.idb
C:\DOCUMENTS AND SETTINGS\ALL USERS\DOCUMENTS\VISUAL STUDIO 2010\PROJECTS\NISERVER_N13\NISERVER\DEBUG\VC100.PDB
