This file contains any messages produced by compilers while
running configure, to aid debugging if configure makes a mistake.

It was created by Meter Tools configure 1.0.0, which was
generated by GNU Autoconf 2.59.  Invocation command line was

  $ ./configure 

## --------- ##
## Platform. ##
## --------- ##

hostname = n324
uname -m = x86_64
uname -r = 2.6.27.10
uname -s = Linux
uname -v = #2 SMP Wed Jan 21 18:32:09 EST 2009

/usr/bin/uname -p = unknown
/bin/uname -X     = unknown

/bin/arch              = x86_64
/usr/bin/arch -k       = unknown
/usr/convex/getsysinfo = unknown
hostinfo               = unknown
/bin/machine           = unknown
/usr/bin/oslevel       = unknown
/bin/universe          = unknown

PATH: /usr/lib64/qt-3.3/bin
PATH: /usr/mpi/gcc/mvapich-1.1.0/bin
PATH: /usr/lib64/ccache
PATH: /usr/local/bin
PATH: /bin
PATH: /usr/bin
PATH: /usr/local/sbin
PATH: /usr/sbin
PATH: /sbin
PATH: /home/hcchang/bin


## ----------- ##
## Core tests. ##
## ----------- ##

configure:1559: checking for a BSD-compatible install
configure:1614: result: /usr/bin/install -c
configure:1625: checking whether build environment is sane
configure:1668: result: yes
configure:1733: checking for gawk
configure:1749: found /bin/gawk
configure:1759: result: gawk
configure:1769: checking whether make sets $(MAKE)
configure:1789: result: yes
configure:1963: checking build system type
configure:1981: result: x86_64-redhat-linux-gnu
configure:1989: checking host system type
configure:2003: result: x86_64-redhat-linux-gnu
configure:2066: checking for gcc
configure:2082: found /usr/lib64/ccache/gcc
configure:2092: result: gcc
configure:2336: checking for C compiler version
configure:2339: gcc --version </dev/null >&5
gcc (GCC) 4.3.2 20081105 (Red Hat 4.3.2-7)
Copyright (C) 2008 Free Software Foundation, Inc.
This is free software; see the source for copying conditions.  There is NO
warranty; not even for MERCHANTABILITY or FITNESS FOR A PARTICULAR PURPOSE.

configure:2342: $? = 0
configure:2344: gcc -v </dev/null >&5
Using built-in specs.
Target: x86_64-redhat-linux
Configured with: ../configure --prefix=/usr --mandir=/usr/share/man --infodir=/usr/share/info --with-bugurl=http://bugzilla.redhat.com/bugzilla --enable-bootstrap --enable-shared --enable-threads=posix --enable-checking=release --with-system-zlib --enable-__cxa_atexit --disable-libunwind-exceptions --enable-languages=c,c++,objc,obj-c++,java,fortran,ada --enable-java-awt=gtk --disable-dssi --enable-plugin --with-java-home=/usr/lib/jvm/java-1.5.0-gcj-1.5.0.0/jre --enable-libgcj-multifile --enable-java-maintainer-mode --with-ecj-jar=/usr/share/java/eclipse-ecj.jar --disable-libjava-multilib --with-cpu=generic --build=x86_64-redhat-linux
Thread model: posix
gcc version 4.3.2 20081105 (Red Hat 4.3.2-7) (GCC) 
configure:2347: $? = 0
configure:2349: gcc -V </dev/null >&5
gcc: '-V' option must have argument
configure:2352: $? = 1
configure:2375: checking for C compiler default output file name
configure:2378: gcc    conftest.c  >&5
configure:2381: $? = 0
configure:2427: result: a.out
configure:2432: checking whether the C compiler works
configure:2438: ./a.out
configure:2441: $? = 0
configure:2458: result: yes
configure:2465: checking whether we are cross compiling
configure:2467: result: no
configure:2470: checking for suffix of executables
configure:2472: gcc -o conftest    conftest.c  >&5
configure:2475: $? = 0
configure:2500: result: 
configure:2506: checking for suffix of object files
configure:2527: gcc -c   conftest.c >&5
configure:2530: $? = 0
configure:2552: result: o
configure:2556: checking whether we are using the GNU C compiler
configure:2580: gcc -c   conftest.c >&5
configure:2586: $? = 0
configure:2590: test -z 
			 || test ! -s conftest.err
configure:2593: $? = 0
configure:2596: test -s conftest.o
configure:2599: $? = 0
configure:2612: result: yes
configure:2618: checking whether gcc accepts -g
configure:2639: gcc -c -g  conftest.c >&5
configure:2645: $? = 0
configure:2649: test -z 
			 || test ! -s conftest.err
configure:2652: $? = 0
configure:2655: test -s conftest.o
configure:2658: $? = 0
configure:2669: result: yes
configure:2686: checking for gcc option to accept ANSI C
configure:2756: gcc  -c -g -O2  conftest.c >&5
configure:2762: $? = 0
configure:2766: test -z 
			 || test ! -s conftest.err
configure:2769: $? = 0
configure:2772: test -s conftest.o
configure:2775: $? = 0
configure:2793: result: none needed
configure:2811: gcc -c -g -O2  conftest.c >&5
conftest.c:2: error: expected '=', ',', ';', 'asm' or '__attribute__' before 'me'
configure:2817: $? = 1
configure: failed program was:
| #ifndef __cplusplus
|   choke me
| #endif
configure:2961: checking for style of include used by make
configure:2989: result: GNU
configure:3017: checking dependency style of gcc
configure:3107: result: gcc3
configure:3129: checking how to run the C preprocessor
configure:3164: gcc -E  conftest.c
configure:3170: $? = 0
configure:3202: gcc -E  conftest.c
conftest.c:11:28: error: ac_nonexistent.h: No such file or directory
configure:3208: $? = 1
configure: failed program was:
| /* confdefs.h.  */
| 
| #define PACKAGE_NAME "Meter Tools"
| #define PACKAGE_TARNAME "meter-tools"
| #define PACKAGE_VERSION "1.0.0"
| #define PACKAGE_STRING "Meter Tools 1.0.0"
| #define PACKAGE_BUGREPORT "mfemal@gmail.com"
| #define PACKAGE "meter-tools"
| #define VERSION "1.0.0"
| /* end confdefs.h.  */
| #include <ac_nonexistent.h>
configure:3247: result: gcc -E
configure:3271: gcc -E  conftest.c
configure:3277: $? = 0
configure:3309: gcc -E  conftest.c
conftest.c:11:28: error: ac_nonexistent.h: No such file or directory
configure:3315: $? = 1
configure: failed program was:
| /* confdefs.h.  */
| 
| #define PACKAGE_NAME "Meter Tools"
| #define PACKAGE_TARNAME "meter-tools"
| #define PACKAGE_VERSION "1.0.0"
| #define PACKAGE_STRING "Meter Tools 1.0.0"
| #define PACKAGE_BUGREPORT "mfemal@gmail.com"
| #define PACKAGE "meter-tools"
| #define VERSION "1.0.0"
| /* end confdefs.h.  */
| #include <ac_nonexistent.h>
configure:3430: checking for a sed that does not truncate output
configure:3484: result: /bin/sed
configure:3487: checking for egrep
configure:3497: result: grep -E
configure:3513: checking for ld used by gcc
configure:3580: result: /usr/bin/ld
configure:3589: checking if the linker (/usr/bin/ld) is GNU ld
configure:3604: result: yes
configure:3609: checking for /usr/bin/ld option to reload object files
configure:3616: result: -r
configure:3625: checking for BSD-compatible nm
configure:3667: result: /usr/bin/nm -B
configure:3671: checking whether ln -s works
configure:3675: result: yes
configure:3682: checking how to recognise dependent libraries
configure:3865: result: pass_all
configure:3950: gcc -c -g -O2  conftest.c >&5
configure:3953: $? = 0
configure:4075: checking for ANSI C header files
configure:4100: gcc -c -g -O2  conftest.c >&5
configure:4106: $? = 0
configure:4110: test -z 
			 || test ! -s conftest.err
configure:4113: $? = 0
configure:4116: test -s conftest.o
configure:4119: $? = 0
configure:4208: gcc -o conftest -g -O2   conftest.c  >&5
conftest.c: In function 'main':
conftest.c:28: warning: incompatible implicit declaration of built-in function 'exit'
configure:4211: $? = 0
configure:4213: ./conftest
configure:4216: $? = 0
configure:4231: result: yes
configure:4255: checking for sys/types.h
configure:4271: gcc -c -g -O2  conftest.c >&5
configure:4277: $? = 0
configure:4281: test -z 
			 || test ! -s conftest.err
configure:4284: $? = 0
configure:4287: test -s conftest.o
configure:4290: $? = 0
configure:4301: result: yes
configure:4255: checking for sys/stat.h
configure:4271: gcc -c -g -O2  conftest.c >&5
configure:4277: $? = 0
configure:4281: test -z 
			 || test ! -s conftest.err
configure:4284: $? = 0
configure:4287: test -s conftest.o
configure:4290: $? = 0
configure:4301: result: yes
configure:4255: checking for stdlib.h
configure:4271: gcc -c -g -O2  conftest.c >&5
configure:4277: $? = 0
configure:4281: test -z 
			 || test ! -s conftest.err
configure:4284: $? = 0
configure:4287: test -s conftest.o
configure:4290: $? = 0
configure:4301: result: yes
configure:4255: checking for string.h
configure:4271: gcc -c -g -O2  conftest.c >&5
configure:4277: $? = 0
configure:4281: test -z 
			 || test ! -s conftest.err
configure:4284: $? = 0
configure:4287: test -s conftest.o
configure:4290: $? = 0
configure:4301: result: yes
configure:4255: checking for memory.h
configure:4271: gcc -c -g -O2  conftest.c >&5
configure:4277: $? = 0
configure:4281: test -z 
			 || test ! -s conftest.err
configure:4284: $? = 0
configure:4287: test -s conftest.o
configure:4290: $? = 0
configure:4301: result: yes
configure:4255: checking for strings.h
configure:4271: gcc -c -g -O2  conftest.c >&5
configure:4277: $? = 0
configure:4281: test -z 
			 || test ! -s conftest.err
configure:4284: $? = 0
configure:4287: test -s conftest.o
configure:4290: $? = 0
configure:4301: result: yes
configure:4255: checking for inttypes.h
configure:4271: gcc -c -g -O2  conftest.c >&5
configure:4277: $? = 0
configure:4281: test -z 
			 || test ! -s conftest.err
configure:4284: $? = 0
configure:4287: test -s conftest.o
configure:4290: $? = 0
configure:4301: result: yes
configure:4255: checking for stdint.h
configure:4271: gcc -c -g -O2  conftest.c >&5
configure:4277: $? = 0
configure:4281: test -z 
			 || test ! -s conftest.err
configure:4284: $? = 0
configure:4287: test -s conftest.o
configure:4290: $? = 0
configure:4301: result: yes
configure:4255: checking for unistd.h
configure:4271: gcc -c -g -O2  conftest.c >&5
configure:4277: $? = 0
configure:4281: test -z 
			 || test ! -s conftest.err
configure:4284: $? = 0
configure:4287: test -s conftest.o
configure:4290: $? = 0
configure:4301: result: yes
configure:4327: checking dlfcn.h usability
configure:4339: gcc -c -g -O2  conftest.c >&5
configure:4345: $? = 0
configure:4349: test -z 
			 || test ! -s conftest.err
configure:4352: $? = 0
configure:4355: test -s conftest.o
configure:4358: $? = 0
configure:4368: result: yes
configure:4372: checking dlfcn.h presence
configure:4382: gcc -E  conftest.c
configure:4388: $? = 0
configure:4408: result: yes
configure:4443: checking for dlfcn.h
configure:4450: result: yes
configure:4515: checking for g++
configure:4531: found /usr/lib64/ccache/g++
configure:4541: result: g++
configure:4557: checking for C++ compiler version
configure:4560: g++ --version </dev/null >&5
g++ (GCC) 4.3.2 20081105 (Red Hat 4.3.2-7)
Copyright (C) 2008 Free Software Foundation, Inc.
This is free software; see the source for copying conditions.  There is NO
warranty; not even for MERCHANTABILITY or FITNESS FOR A PARTICULAR PURPOSE.

configure:4563: $? = 0
configure:4565: g++ -v </dev/null >&5
Using built-in specs.
Target: x86_64-redhat-linux
Configured with: ../configure --prefix=/usr --mandir=/usr/share/man --infodir=/usr/share/info --with-bugurl=http://bugzilla.redhat.com/bugzilla --enable-bootstrap --enable-shared --enable-threads=posix --enable-checking=release --with-system-zlib --enable-__cxa_atexit --disable-libunwind-exceptions --enable-languages=c,c++,objc,obj-c++,java,fortran,ada --enable-java-awt=gtk --disable-dssi --enable-plugin --with-java-home=/usr/lib/jvm/java-1.5.0-gcj-1.5.0.0/jre --enable-libgcj-multifile --enable-java-maintainer-mode --with-ecj-jar=/usr/share/java/eclipse-ecj.jar --disable-libjava-multilib --with-cpu=generic --build=x86_64-redhat-linux
Thread model: posix
gcc version 4.3.2 20081105 (Red Hat 4.3.2-7) (GCC) 
configure:4568: $? = 0
configure:4570: g++ -V </dev/null >&5
g++: '-V' option must have argument
configure:4573: $? = 1
configure:4576: checking whether we are using the GNU C++ compiler
configure:4600: g++ -c   conftest.cc >&5
configure:4606: $? = 0
configure:4610: test -z 
			 || test ! -s conftest.err
configure:4613: $? = 0
configure:4616: test -s conftest.o
configure:4619: $? = 0
configure:4632: result: yes
configure:4638: checking whether g++ accepts -g
configure:4659: g++ -c -g  conftest.cc >&5
configure:4665: $? = 0
configure:4669: test -z 
			 || test ! -s conftest.err
configure:4672: $? = 0
configure:4675: test -s conftest.o
configure:4678: $? = 0
configure:4689: result: yes
configure:4731: g++ -c -g -O2  conftest.cc >&5
configure:4737: $? = 0
configure:4741: test -z 
			 || test ! -s conftest.err
configure:4744: $? = 0
configure:4747: test -s conftest.o
configure:4750: $? = 0
configure:4776: g++ -c -g -O2  conftest.cc >&5
conftest.cc: In function 'int main()':
conftest.cc:26: error: 'exit' was not declared in this scope
configure:4782: $? = 1
configure: failed program was:
| /* confdefs.h.  */
| 
| #define PACKAGE_NAME "Meter Tools"
| #define PACKAGE_TARNAME "meter-tools"
| #define PACKAGE_VERSION "1.0.0"
| #define PACKAGE_STRING "Meter Tools 1.0.0"
| #define PACKAGE_BUGREPORT "mfemal@gmail.com"
| #define PACKAGE "meter-tools"
| #define VERSION "1.0.0"
| #define STDC_HEADERS 1
| #define HAVE_SYS_TYPES_H 1
| #define HAVE_SYS_STAT_H 1
| #define HAVE_STDLIB_H 1
| #define HAVE_STRING_H 1
| #define HAVE_MEMORY_H 1
| #define HAVE_STRINGS_H 1
| #define HAVE_INTTYPES_H 1
| #define HAVE_STDINT_H 1
| #define HAVE_UNISTD_H 1
| #define HAVE_DLFCN_H 1
| /* end confdefs.h.  */
| 
| int
| main ()
| {
| exit (42);
|   ;
|   return 0;
| }
configure:4731: g++ -c -g -O2  conftest.cc >&5
conftest.cc:22: error: 'void std::exit(int)' should have been declared inside 'std'
configure:4737: $? = 1
configure: failed program was:
| /* confdefs.h.  */
| 
| #define PACKAGE_NAME "Meter Tools"
| #define PACKAGE_TARNAME "meter-tools"
| #define PACKAGE_VERSION "1.0.0"
| #define PACKAGE_STRING "Meter Tools 1.0.0"
| #define PACKAGE_BUGREPORT "mfemal@gmail.com"
| #define PACKAGE "meter-tools"
| #define VERSION "1.0.0"
| #define STDC_HEADERS 1
| #define HAVE_SYS_TYPES_H 1
| #define HAVE_SYS_STAT_H 1
| #define HAVE_STDLIB_H 1
| #define HAVE_STRING_H 1
| #define HAVE_MEMORY_H 1
| #define HAVE_STRINGS_H 1
| #define HAVE_INTTYPES_H 1
| #define HAVE_STDINT_H 1
| #define HAVE_UNISTD_H 1
| #define HAVE_DLFCN_H 1
| /* end confdefs.h.  */
| extern "C" void std::exit (int) throw (); using std::exit;
| #include <stdlib.h>
| int
| main ()
| {
| exit (42);
|   ;
|   return 0;
| }
configure:4731: g++ -c -g -O2  conftest.cc >&5
conftest.cc:22: error: 'void std::exit(int)' should have been declared inside 'std'
In file included from conftest.cc:24:
/usr/include/stdlib.h:531: error: declaration of 'void std::exit(int) throw ()' throws different exceptions
conftest.cc:22: error: from previous declaration 'void std::exit(int)'
configure:4737: $? = 1
configure: failed program was:
| /* confdefs.h.  */
| 
| #define PACKAGE_NAME "Meter Tools"
| #define PACKAGE_TARNAME "meter-tools"
| #define PACKAGE_VERSION "1.0.0"
| #define PACKAGE_STRING "Meter Tools 1.0.0"
| #define PACKAGE_BUGREPORT "mfemal@gmail.com"
| #define PACKAGE "meter-tools"
| #define VERSION "1.0.0"
| #define STDC_HEADERS 1
| #define HAVE_SYS_TYPES_H 1
| #define HAVE_SYS_STAT_H 1
| #define HAVE_STDLIB_H 1
| #define HAVE_STRING_H 1
| #define HAVE_MEMORY_H 1
| #define HAVE_STRINGS_H 1
| #define HAVE_INTTYPES_H 1
| #define HAVE_STDINT_H 1
| #define HAVE_UNISTD_H 1
| #define HAVE_DLFCN_H 1
| /* end confdefs.h.  */
| extern "C" void std::exit (int); using std::exit;
| #include <stdlib.h>
| int
| main ()
| {
| exit (42);
|   ;
|   return 0;
| }
configure:4731: g++ -c -g -O2  conftest.cc >&5
configure:4737: $? = 0
configure:4741: test -z 
			 || test ! -s conftest.err
configure:4744: $? = 0
configure:4747: test -s conftest.o
configure:4750: $? = 0
configure:4776: g++ -c -g -O2  conftest.cc >&5
configure:4782: $? = 0
configure:4786: test -z 
			 || test ! -s conftest.err
configure:4789: $? = 0
configure:4792: test -s conftest.o
configure:4795: $? = 0
configure:4820: checking dependency style of g++
configure:4910: result: gcc3
configure:4932: checking how to run the C++ preprocessor
configure:4963: g++ -E  conftest.cc
configure:4969: $? = 0
configure:5001: g++ -E  conftest.cc
conftest.cc:25:28: error: ac_nonexistent.h: No such file or directory
configure:5007: $? = 1
configure: failed program was:
| /* confdefs.h.  */
| 
| #define PACKAGE_NAME "Meter Tools"
| #define PACKAGE_TARNAME "meter-tools"
| #define PACKAGE_VERSION "1.0.0"
| #define PACKAGE_STRING "Meter Tools 1.0.0"
| #define PACKAGE_BUGREPORT "mfemal@gmail.com"
| #define PACKAGE "meter-tools"
| #define VERSION "1.0.0"
| #define STDC_HEADERS 1
| #define HAVE_SYS_TYPES_H 1
| #define HAVE_SYS_STAT_H 1
| #define HAVE_STDLIB_H 1
| #define HAVE_STRING_H 1
| #define HAVE_MEMORY_H 1
| #define HAVE_STRINGS_H 1
| #define HAVE_INTTYPES_H 1
| #define HAVE_STDINT_H 1
| #define HAVE_UNISTD_H 1
| #define HAVE_DLFCN_H 1
| #ifdef __cplusplus
| extern "C" void exit (int) throw ();
| #endif
| /* end confdefs.h.  */
| #include <ac_nonexistent.h>
configure:5046: result: g++ -E
configure:5070: g++ -E  conftest.cc
configure:5076: $? = 0
configure:5108: g++ -E  conftest.cc
conftest.cc:25:28: error: ac_nonexistent.h: No such file or directory
configure:5114: $? = 1
configure: failed program was:
| /* confdefs.h.  */
| 
| #define PACKAGE_NAME "Meter Tools"
| #define PACKAGE_TARNAME "meter-tools"
| #define PACKAGE_VERSION "1.0.0"
| #define PACKAGE_STRING "Meter Tools 1.0.0"
| #define PACKAGE_BUGREPORT "mfemal@gmail.com"
| #define PACKAGE "meter-tools"
| #define VERSION "1.0.0"
| #define STDC_HEADERS 1
| #define HAVE_SYS_TYPES_H 1
| #define HAVE_SYS_STAT_H 1
| #define HAVE_STDLIB_H 1
| #define HAVE_STRING_H 1
| #define HAVE_MEMORY_H 1
| #define HAVE_STRINGS_H 1
| #define HAVE_INTTYPES_H 1
| #define HAVE_STDINT_H 1
| #define HAVE_UNISTD_H 1
| #define HAVE_DLFCN_H 1
| #ifdef __cplusplus
| extern "C" void exit (int) throw ();
| #endif
| /* end confdefs.h.  */
| #include <ac_nonexistent.h>
configure:5209: checking for g77
configure:5225: found /usr/bin/g77
configure:5235: result: g77
configure:5250: checking for Fortran 77 compiler version
configure:5253: g77 --version </dev/null >&5
GNU Fortran (GCC) 3.4.6 20060404 (Red Hat 3.4.6-9)
Copyright (C) 2006 Free Software Foundation, Inc.

GNU Fortran comes with NO WARRANTY, to the extent permitted by law.
You may redistribute copies of GNU Fortran
under the terms of the GNU General Public License.
For more information about these matters, see the file named COPYING
or type the command `info -f g77 Copying'.
configure:5256: $? = 0
configure:5258: g77 -v </dev/null >&5
Reading specs from /usr/lib/gcc/x86_64-redhat-linux/3.4.6/specs
Configured with: ../configure --prefix=/usr --mandir=/usr/share/man --infodir=/usr/share/info --enable-shared --enable-threads=posix --disable-checking --with-system-zlib --enable-__cxa_atexit --disable-libunwind-exceptions --enable-languages=c,c++,f77 --disable-libgcj --host=x86_64-redhat-linux
Thread model: posix
gcc version 3.4.6 20060404 (Red Hat 3.4.6-9)
configure:5261: $? = 0
configure:5263: g77 -V </dev/null >&5
g77: `-V' option must have argument
configure:5266: $? = 1
configure:5274: checking whether we are using the GNU Fortran 77 compiler
configure:5288: g77 -c  conftest.F >&5
configure:5294: $? = 0
configure:5298: test -z 
			 || test ! -s conftest.err
configure:5301: $? = 0
configure:5304: test -s conftest.o
configure:5307: $? = 0
configure:5320: result: yes
configure:5326: checking whether g77 accepts -g
configure:5338: g77 -c -g conftest.f >&5
configure:5344: $? = 0
configure:5348: test -z 
			 || test ! -s conftest.err
configure:5351: $? = 0
configure:5354: test -s conftest.o
configure:5357: $? = 0
configure:5369: result: yes
configure:5399: checking the maximum length of command line arguments
configure:5464: result: 32768
configure:5475: checking command to parse /usr/bin/nm -B output from gcc object
configure:5564: gcc -c -g -O2  conftest.c >&5
configure:5567: $? = 0
configure:5571: /usr/bin/nm -B conftest.o \| sed -n -e 's/^.*[ 	]\([ABCDGIRSTW][ABCDGIRSTW]*\)[ 	][ 	]*\(\)\([_A-Za-z][_A-Za-z0-9]*\)$/\1 \2\3 \3/p' \> conftest.nm
configure:5574: $? = 0
configure:5626: gcc -o conftest -g -O2   conftest.c conftstm.o >&5
configure:5629: $? = 0
configure:5667: result: ok
configure:5671: checking for objdir
configure:5686: result: .libs
configure:5776: checking for ar
configure:5792: found /usr/bin/ar
configure:5803: result: ar
configure:5856: checking for ranlib
configure:5872: found /usr/bin/ranlib
configure:5883: result: ranlib
configure:5936: checking for strip
configure:5952: found /usr/bin/strip
configure:5963: result: strip
configure:6225: checking if gcc static flag  works
configure:6248: result: yes
configure:6266: checking if gcc supports -fno-rtti -fno-exceptions
configure:6284: gcc -c -g -O2  -fno-rtti -fno-exceptions conftest.c >&5
cc1: warning: command line option "-fno-rtti" is valid for C++/ObjC++ but not for C
cc1: warning: command line option "-fno-rtti" is valid for C++/ObjC++ but not for C
configure:6288: $? = 0
configure:6299: result: no
configure:6314: checking for gcc option to produce PIC
configure:6491: result: -fPIC
configure:6499: checking if gcc PIC flag -fPIC works
configure:6517: gcc -c -g -O2  -fPIC -DPIC conftest.c >&5
configure:6521: $? = 0
configure:6532: result: yes
configure:6556: checking if gcc supports -c -o file.o
configure:6577: gcc -c -g -O2  -o out/conftest2.o conftest.c >&5
configure:6581: $? = 0
configure:6601: result: yes
configure:6627: checking whether the gcc linker (/usr/bin/ld -m elf_x86_64) supports shared libraries
configure:7475: result: yes
configure:7501: checking whether -lc should be explicitly linked in
configure:7506: gcc -c -g -O2  conftest.c >&5
configure:7509: $? = 0
configure:7523: gcc -shared conftest.o  -v -Wl,-soname -Wl,conftest -o conftest 2\>\&1 \| grep  -lc  \>/dev/null 2\>\&1
configure:7526: $? = 0
configure:7538: result: no
configure:7546: checking dynamic linker characteristics
configure:7912: gcc -c -g -O2  conftest.c >&5
configure:7915: $? = 0
configure:8107: result: GNU/Linux ld.so
configure:8111: checking how to hardcode library paths into programs
configure:8136: result: immediate
configure:8150: checking whether stripping libraries is possible
configure:8155: result: yes
configure:8985: checking if libtool supports shared libraries
configure:8987: result: yes
configure:8990: checking whether to build shared libraries
configure:9048: result: yes
configure:9051: checking whether to build static libraries
configure:9055: result: yes
configure:9147: creating libtool
configure:9694: checking for ld used by g++
configure:9761: result: /usr/bin/ld -m elf_x86_64
configure:9770: checking if the linker (/usr/bin/ld -m elf_x86_64) is GNU ld
configure:9785: result: yes
configure:9836: checking whether the g++ linker (/usr/bin/ld -m elf_x86_64) supports shared libraries
configure:10664: result: yes
configure:10682: g++ -c -g -O2  conftest.cc >&5
configure:10685: $? = 0
configure:10781: checking for g++ option to produce PIC
configure:11033: result: -fPIC
configure:11041: checking if g++ PIC flag -fPIC works
configure:11059: g++ -c -g -O2  -fPIC -DPIC conftest.cc >&5
configure:11063: $? = 0
configure:11074: result: yes
configure:11098: checking if g++ supports -c -o file.o
configure:11119: g++ -c -g -O2  -o out/conftest2.o conftest.cc >&5
configure:11123: $? = 0
configure:11143: result: yes
configure:11169: checking whether the g++ linker (/usr/bin/ld -m elf_x86_64) supports shared libraries
configure:11194: result: yes
configure:11265: checking dynamic linker characteristics
configure:11631: g++ -c -g -O2  conftest.cc >&5
configure:11634: $? = 0
configure:11826: result: GNU/Linux ld.so
configure:11830: checking how to hardcode library paths into programs
configure:11855: result: immediate
configure:11869: checking whether stripping libraries is possible
configure:11874: result: yes
configure:13181: checking if libtool supports shared libraries
configure:13183: result: yes
configure:13186: checking whether to build shared libraries
configure:13204: result: yes
configure:13207: checking whether to build static libraries
configure:13211: result: yes
configure:13223: checking for g77 option to produce PIC
configure:13400: result: -fPIC
configure:13408: checking if g77 PIC flag -fPIC works
configure:13426: g77 -c -g -O2 -fPIC conftest.f >&5
configure:13430: $? = 0
configure:13441: result: yes
configure:13465: checking if g77 supports -c -o file.o
configure:13486: g77 -c -g -O2 -o out/conftest2.o conftest.f >&5
configure:13490: $? = 0
configure:13510: result: yes
configure:13536: checking whether the g77 linker (/usr/bin/ld -m elf_x86_64) supports shared libraries
configure:14364: result: yes
configure:14435: checking dynamic linker characteristics
configure:14801: g77 -c -g -O2 conftest.f >&5
configure:14804: $? = 0
configure:14996: result: GNU/Linux ld.so
configure:15000: checking how to hardcode library paths into programs
configure:15025: result: immediate
configure:15039: checking whether stripping libraries is possible
configure:15044: result: yes
configure:19151: checking whether make sets $(MAKE)
configure:19171: result: yes
configure:19180: checking for inline
configure:19201: gcc -c -g -O2  conftest.c >&5
configure:19207: $? = 0
configure:19211: test -z 
			 || test ! -s conftest.err
configure:19214: $? = 0
configure:19217: test -s conftest.o
configure:19220: $? = 0
configure:19232: result: inline
configure:19252: checking for ISO C99 varargs macros in C
configure:19274: gcc -c -g -O2  conftest.c >&5
configure:19280: $? = 0
configure:19284: test -z 
			 || test ! -s conftest.err
configure:19287: $? = 0
configure:19290: test -s conftest.o
configure:19293: $? = 0
configure:19297: result: yes
configure:19318: checking for an ANSI C-conforming const
configure:19385: gcc -c -g -O2  conftest.c >&5
configure:19391: $? = 0
configure:19395: test -z 
			 || test ! -s conftest.err
configure:19398: $? = 0
configure:19401: test -s conftest.o
configure:19404: $? = 0
configure:19415: result: yes
configure:19425: checking for uid_t in sys/types.h
configure:19448: result: yes
configure:19463: checking for pid_t
configure:19487: gcc -c -g -O2  conftest.c >&5
configure:19493: $? = 0
configure:19497: test -z 
			 || test ! -s conftest.err
configure:19500: $? = 0
configure:19503: test -s conftest.o
configure:19506: $? = 0
configure:19517: result: yes
configure:19529: checking whether struct tm is in sys/time.h or time.h
configure:19552: gcc -c -g -O2  conftest.c >&5
configure:19558: $? = 0
configure:19562: test -z 
			 || test ! -s conftest.err
configure:19565: $? = 0
configure:19568: test -s conftest.o
configure:19571: $? = 0
configure:19582: result: time.h
configure:19592: checking for working memcmp
configure:19640: gcc -o conftest -g -O2   conftest.c  >&5
configure:19643: $? = 0
configure:19645: ./conftest
configure:19648: $? = 0
configure:19662: result: yes
configure:19673: checking return type of signal handlers
configure:19704: gcc -c -g -O2  conftest.c >&5
configure:19710: $? = 0
configure:19714: test -z 
			 || test ! -s conftest.err
configure:19717: $? = 0
configure:19720: test -s conftest.o
configure:19723: $? = 0
configure:19734: result: void
configure:19750: checking for dirent.h that defines DIR
configure:19774: gcc -c -g -O2  conftest.c >&5
configure:19780: $? = 0
configure:19784: test -z 
			 || test ! -s conftest.err
configure:19787: $? = 0
configure:19790: test -s conftest.o
configure:19793: $? = 0
configure:19804: result: yes
configure:19817: checking for library containing opendir
configure:19847: gcc -o conftest -g -O2   conftest.c  >&5
configure:19853: $? = 0
configure:19857: test -z 
			 || test ! -s conftest.err
configure:19860: $? = 0
configure:19863: test -s conftest
configure:19866: $? = 0
configure:19936: result: none required
configure:20072: checking for ANSI C header files
configure:20228: result: yes
configure:20238: checking for sys/wait.h that is POSIX.1 compatible
configure:20269: gcc -c -g -O2  conftest.c >&5
configure:20275: $? = 0
configure:20279: test -z 
			 || test ! -s conftest.err
configure:20282: $? = 0
configure:20285: test -s conftest.o
configure:20288: $? = 0
configure:20299: result: yes
configure:20314: checking for string.h
configure:20319: result: yes
configure:20473: checking math.h usability
configure:20485: gcc -c -g -O2  conftest.c >&5
configure:20491: $? = 0
configure:20495: test -z 
			 || test ! -s conftest.err
configure:20498: $? = 0
configure:20501: test -s conftest.o
configure:20504: $? = 0
configure:20514: result: yes
configure:20518: checking math.h presence
configure:20528: gcc -E  conftest.c
configure:20534: $? = 0
configure:20554: result: yes
configure:20589: checking for math.h
configure:20596: result: yes
configure:20623: checking sys/time.h usability
configure:20635: gcc -c -g -O2  conftest.c >&5
configure:20641: $? = 0
configure:20645: test -z 
			 || test ! -s conftest.err
configure:20648: $? = 0
configure:20651: test -s conftest.o
configure:20654: $? = 0
configure:20664: result: yes
configure:20668: checking sys/time.h presence
configure:20678: gcc -E  conftest.c
configure:20684: $? = 0
configure:20704: result: yes
configure:20739: checking for sys/time.h
configure:20746: result: yes
configure:20773: checking syslog.h usability
configure:20785: gcc -c -g -O2  conftest.c >&5
configure:20791: $? = 0
configure:20795: test -z 
			 || test ! -s conftest.err
configure:20798: $? = 0
configure:20801: test -s conftest.o
configure:20804: $? = 0
configure:20814: result: yes
configure:20818: checking syslog.h presence
configure:20828: gcc -E  conftest.c
configure:20834: $? = 0
configure:20854: result: yes
configure:20889: checking for syslog.h
configure:20896: result: yes
configure:20924: checking sys/sched.h usability
configure:20936: gcc -c -g -O2  conftest.c >&5
conftest.c:68:23: error: sys/sched.h: No such file or directory
configure:20942: $? = 1
configure: failed program was:
| /* confdefs.h.  */
| 
| #define PACKAGE_NAME "Meter Tools"
| #define PACKAGE_TARNAME "meter-tools"
| #define PACKAGE_VERSION "1.0.0"
| #define PACKAGE_STRING "Meter Tools 1.0.0"
| #define PACKAGE_BUGREPORT "mfemal@gmail.com"
| #define PACKAGE "meter-tools"
| #define VERSION "1.0.0"
| #define STDC_HEADERS 1
| #define HAVE_SYS_TYPES_H 1
| #define HAVE_SYS_STAT_H 1
| #define HAVE_STDLIB_H 1
| #define HAVE_STRING_H 1
| #define HAVE_MEMORY_H 1
| #define HAVE_STRINGS_H 1
| #define HAVE_INTTYPES_H 1
| #define HAVE_STDINT_H 1
| #define HAVE_UNISTD_H 1
| #define HAVE_DLFCN_H 1
| #ifdef __cplusplus
| extern "C" void exit (int) throw ();
| #endif
| #define HAVE_ISO_VARARGS 1
| #define RETSIGTYPE void
| #define HAVE_DIRENT_H 1
| #define STDC_HEADERS 1
| #define HAVE_SYS_WAIT_H 1
| #define HAVE_STRING_H 1
| #define HAVE_MATH_H 1
| #define HAVE_SYS_TIME_H 1
| #define HAVE_SYSLOG_H 1
| /* end confdefs.h.  */
| #include <stdio.h>
| #if HAVE_SYS_TYPES_H
| # include <sys/types.h>
| #endif
| #if HAVE_SYS_STAT_H
| # include <sys/stat.h>
| #endif
| #if STDC_HEADERS
| # include <stdlib.h>
| # include <stddef.h>
| #else
| # if HAVE_STDLIB_H
| #  include <stdlib.h>
| # endif
| #endif
| #if HAVE_STRING_H
| # if !STDC_HEADERS && HAVE_MEMORY_H
| #  include <memory.h>
| # endif
| # include <string.h>
| #endif
| #if HAVE_STRINGS_H
| # include <strings.h>
| #endif
| #if HAVE_INTTYPES_H
| # include <inttypes.h>
| #else
| # if HAVE_STDINT_H
| #  include <stdint.h>
| # endif
| #endif
| #if HAVE_UNISTD_H
| # include <unistd.h>
| #endif
| #include <sys/sched.h>
configure:20965: result: no
configure:20969: checking sys/sched.h presence
configure:20979: gcc -E  conftest.c
conftest.c:34:23: error: sys/sched.h: No such file or directory
configure:20985: $? = 1
configure: failed program was:
| /* confdefs.h.  */
| 
| #define PACKAGE_NAME "Meter Tools"
| #define PACKAGE_TARNAME "meter-tools"
| #define PACKAGE_VERSION "1.0.0"
| #define PACKAGE_STRING "Meter Tools 1.0.0"
| #define PACKAGE_BUGREPORT "mfemal@gmail.com"
| #define PACKAGE "meter-tools"
| #define VERSION "1.0.0"
| #define STDC_HEADERS 1
| #define HAVE_SYS_TYPES_H 1
| #define HAVE_SYS_STAT_H 1
| #define HAVE_STDLIB_H 1
| #define HAVE_STRING_H 1
| #define HAVE_MEMORY_H 1
| #define HAVE_STRINGS_H 1
| #define HAVE_INTTYPES_H 1
| #define HAVE_STDINT_H 1
| #define HAVE_UNISTD_H 1
| #define HAVE_DLFCN_H 1
| #ifdef __cplusplus
| extern "C" void exit (int) throw ();
| #endif
| #define HAVE_ISO_VARARGS 1
| #define RETSIGTYPE void
| #define HAVE_DIRENT_H 1
| #define STDC_HEADERS 1
| #define HAVE_SYS_WAIT_H 1
| #define HAVE_STRING_H 1
| #define HAVE_MATH_H 1
| #define HAVE_SYS_TIME_H 1
| #define HAVE_SYSLOG_H 1
| /* end confdefs.h.  */
| #include <sys/sched.h>
configure:21005: result: no
configure:21040: checking for sys/sched.h
configure:21047: result: no
configure:20924: checking sched.h usability
configure:20936: gcc -c -g -O2  conftest.c >&5
configure:20942: $? = 0
configure:20946: test -z 
			 || test ! -s conftest.err
configure:20949: $? = 0
configure:20952: test -s conftest.o
configure:20955: $? = 0
configure:20965: result: yes
configure:20969: checking sched.h presence
configure:20979: gcc -E  conftest.c
configure:20985: $? = 0
configure:21005: result: yes
configure:21040: checking for sched.h
configure:21047: result: yes
configure:21060: checking whether time.h and sys/time.h may both be included
configure:21085: gcc -c -g -O2  conftest.c >&5
configure:21091: $? = 0
configure:21095: test -z 
			 || test ! -s conftest.err
configure:21098: $? = 0
configure:21101: test -s conftest.o
configure:21104: $? = 0
configure:21115: result: yes
configure:21130: checking for memcpy
configure:21187: gcc -o conftest -g -O2   conftest.c  >&5
conftest.c:60: warning: conflicting types for built-in function 'memcpy'
configure:21193: $? = 0
configure:21197: test -z 
			 || test ! -s conftest.err
configure:21200: $? = 0
configure:21203: test -s conftest
configure:21206: $? = 0
configure:21218: result: yes
configure:21130: checking for memset
configure:21187: gcc -o conftest -g -O2   conftest.c  >&5
conftest.c:61: warning: conflicting types for built-in function 'memset'
configure:21193: $? = 0
configure:21197: test -z 
			 || test ! -s conftest.err
configure:21200: $? = 0
configure:21203: test -s conftest
configure:21206: $? = 0
configure:21218: result: yes
configure:21233: checking for lockf
configure:21290: gcc -o conftest -g -O2   conftest.c  >&5
configure:21296: $? = 0
configure:21300: test -z 
			 || test ! -s conftest.err
configure:21303: $? = 0
configure:21306: test -s conftest
configure:21309: $? = 0
configure:21321: result: yes
configure:21233: checking for flock
configure:21290: gcc -o conftest -g -O2   conftest.c  >&5
configure:21296: $? = 0
configure:21300: test -z 
			 || test ! -s conftest.err
configure:21303: $? = 0
configure:21306: test -s conftest
configure:21309: $? = 0
configure:21321: result: yes
configure:21335: checking for nanosleep
configure:21392: gcc -o conftest -g -O2   conftest.c  >&5
configure:21398: $? = 0
configure:21402: test -z 
			 || test ! -s conftest.err
configure:21405: $? = 0
configure:21408: test -s conftest
configure:21411: $? = 0
configure:21423: result: yes
configure:21572: checking whether stdio.h declares vsnprintf
configure:21590: result: yes
configure:21609: checking for sys/types.h
configure:21614: result: yes
configure:21618: checking sys/socket.h usability
configure:21630: gcc -c -g -O2  conftest.c >&5
configure:21636: $? = 0
configure:21640: test -z 
			 || test ! -s conftest.err
configure:21643: $? = 0
configure:21646: test -s conftest.o
configure:21649: $? = 0
configure:21659: result: yes
configure:21663: checking sys/socket.h presence
configure:21673: gcc -E  conftest.c
configure:21679: $? = 0
configure:21699: result: yes
configure:21734: checking for sys/socket.h
configure:21741: result: yes
configure:21618: checking netinet/in.h usability
configure:21630: gcc -c -g -O2  conftest.c >&5
configure:21636: $? = 0
configure:21640: test -z 
			 || test ! -s conftest.err
configure:21643: $? = 0
configure:21646: test -s conftest.o
configure:21649: $? = 0
configure:21659: result: yes
configure:21663: checking netinet/in.h presence
configure:21673: gcc -E  conftest.c
configure:21679: $? = 0
configure:21699: result: yes
configure:21734: checking for netinet/in.h
configure:21741: result: yes
configure:21618: checking arpa/inet.h usability
configure:21630: gcc -c -g -O2  conftest.c >&5
configure:21636: $? = 0
configure:21640: test -z 
			 || test ! -s conftest.err
configure:21643: $? = 0
configure:21646: test -s conftest.o
configure:21649: $? = 0
configure:21659: result: yes
configure:21663: checking arpa/inet.h presence
configure:21673: gcc -E  conftest.c
configure:21679: $? = 0
configure:21699: result: yes
configure:21734: checking for arpa/inet.h
configure:21741: result: yes
configure:21764: checking for library containing inet_ntoa
configure:21794: gcc -o conftest -g -O2   conftest.c  >&5
configure:21800: $? = 0
configure:21804: test -z 
			 || test ! -s conftest.err
configure:21807: $? = 0
configure:21810: test -s conftest
configure:21813: $? = 0
configure:21883: result: none required
configure:21894: checking for library containing socket
configure:21924: gcc -o conftest -g -O2   conftest.c  >&5
configure:21930: $? = 0
configure:21934: test -z 
			 || test ! -s conftest.err
configure:21937: $? = 0
configure:21940: test -s conftest
configure:21943: $? = 0
configure:22013: result: none required
configure:22060: checking for meter host
configure:22062: result: localhost
configure:22082: checking for meter TCP port
configure:22084: result: 6999
configure:22104: checking for serial port
configure:22106: result: /dev/ttyS0
configure:22246: creating ./config.status

## ---------------------- ##
## Running config.status. ##
## ---------------------- ##

This file was extended by Meter Tools config.status 1.0.0, which was
generated by GNU Autoconf 2.59.  Invocation command line was

  CONFIG_FILES    = 
  CONFIG_HEADERS  = 
  CONFIG_LINKS    = 
  CONFIG_COMMANDS = 
  $ ./config.status 

on n324

config.status:724: creating Makefile
config.status:724: creating m4/Makefile
config.status:724: creating src/Makefile
config.status:724: creating src/mapi/Makefile
config.status:724: creating src/support/Makefile
config.status:724: creating src/tools/Makefile
config.status:724: creating docs/Makefile
config.status:828: creating config.h
config.status:1002: config.h is unchanged
config.status:1182: executing depfiles commands

## ---------------- ##
## Cache variables. ##
## ---------------- ##

ac_cv_build=x86_64-redhat-linux-gnu
ac_cv_build_alias=x86_64-redhat-linux-gnu
ac_cv_c_compiler_gnu=yes
ac_cv_c_const=yes
ac_cv_c_inline=inline
ac_cv_cxx_compiler_gnu=yes
ac_cv_env_CC_set=
ac_cv_env_CC_value=
ac_cv_env_CFLAGS_set=
ac_cv_env_CFLAGS_value=
ac_cv_env_CPPFLAGS_set=
ac_cv_env_CPPFLAGS_value=
ac_cv_env_CPP_set=
ac_cv_env_CPP_value=
ac_cv_env_CXXCPP_set=
ac_cv_env_CXXCPP_value=
ac_cv_env_CXXFLAGS_set=
ac_cv_env_CXXFLAGS_value=
ac_cv_env_CXX_set=
ac_cv_env_CXX_value=
ac_cv_env_F77_set=
ac_cv_env_F77_value=
ac_cv_env_FFLAGS_set=
ac_cv_env_FFLAGS_value=
ac_cv_env_LDFLAGS_set=
ac_cv_env_LDFLAGS_value=
ac_cv_env_build_alias_set=
ac_cv_env_build_alias_value=
ac_cv_env_host_alias_set=
ac_cv_env_host_alias_value=
ac_cv_env_target_alias_set=
ac_cv_env_target_alias_value=
ac_cv_exeext=
ac_cv_f77_compiler_gnu=yes
ac_cv_func_flock=yes
ac_cv_func_lockf=yes
ac_cv_func_memcmp_working=yes
ac_cv_func_memcpy=yes
ac_cv_func_memset=yes
ac_cv_func_nanosleep=yes
ac_cv_header_arpa_inet_h=yes
ac_cv_header_dirent_dirent_h=yes
ac_cv_header_dlfcn_h=yes
ac_cv_header_inttypes_h=yes
ac_cv_header_math_h=yes
ac_cv_header_memory_h=yes
ac_cv_header_netinet_in_h=yes
ac_cv_header_sched_h=yes
ac_cv_header_stdc=yes
ac_cv_header_stdint_h=yes
ac_cv_header_stdlib_h=yes
ac_cv_header_string_h=yes
ac_cv_header_strings_h=yes
ac_cv_header_sys_sched_h=no
ac_cv_header_sys_socket_h=yes
ac_cv_header_sys_stat_h=yes
ac_cv_header_sys_time_h=yes
ac_cv_header_sys_types_h=yes
ac_cv_header_sys_wait_h=yes
ac_cv_header_syslog_h=yes
ac_cv_header_time=yes
ac_cv_header_unistd_h=yes
ac_cv_host=x86_64-redhat-linux-gnu
ac_cv_host_alias=x86_64-redhat-linux-gnu
ac_cv_objext=o
ac_cv_path_install='/usr/bin/install -c'
ac_cv_prog_AWK=gawk
ac_cv_prog_CPP='gcc -E'
ac_cv_prog_CXXCPP='g++ -E'
ac_cv_prog_ac_ct_AR=ar
ac_cv_prog_ac_ct_CC=gcc
ac_cv_prog_ac_ct_CXX=g++
ac_cv_prog_ac_ct_F77=g77
ac_cv_prog_ac_ct_RANLIB=ranlib
ac_cv_prog_ac_ct_STRIP=strip
ac_cv_prog_cc_g=yes
ac_cv_prog_cc_stdc=
ac_cv_prog_cxx_g=yes
ac_cv_prog_egrep='grep -E'
ac_cv_prog_f77_g=yes
ac_cv_prog_make_make_set=yes
ac_cv_search_inet_ntoa='none required'
ac_cv_search_opendir='none required'
ac_cv_search_socket='none required'
ac_cv_struct_tm=time.h
ac_cv_type_pid_t=yes
ac_cv_type_signal=void
ac_cv_type_uid_t=yes
am_cv_CC_dependencies_compiler_type=gcc3
am_cv_CXX_dependencies_compiler_type=gcc3
lt_cv_deplibs_check_method=pass_all
lt_cv_file_magic_cmd='$MAGIC_CMD'
lt_cv_file_magic_test_file='/lib/libc.so.6 /lib/libc-2.9.so'
lt_cv_ld_reload_flag=-r
lt_cv_objdir=.libs
lt_cv_path_LD=/usr/bin/ld
lt_cv_path_LDCXX='/usr/bin/ld -m elf_x86_64'
lt_cv_path_NM='/usr/bin/nm -B'
lt_cv_path_SED=/bin/sed
lt_cv_prog_compiler_c_o=yes
lt_cv_prog_compiler_c_o_CXX=yes
lt_cv_prog_compiler_c_o_F77=yes
lt_cv_prog_compiler_rtti_exceptions=no
lt_cv_prog_gnu_ld=yes
lt_cv_prog_gnu_ldcxx=yes
lt_cv_sys_global_symbol_pipe='sed -n -e '\''s/^.*[ 	]\([ABCDGIRSTW][ABCDGIRSTW]*\)[ 	][ 	]*\(\)\([_A-Za-z][_A-Za-z0-9]*\)$/\1 \2\3 \3/p'\'''
lt_cv_sys_global_symbol_to_c_name_address='sed -n -e '\''s/^: \([^ ]*\) $/  {\"\1\", (lt_ptr) 0},/p'\'' -e '\''s/^[BCDEGRST] \([^ ]*\) \([^ ]*\)$/  {"\2", (lt_ptr) \&\2},/p'\'''
lt_cv_sys_global_symbol_to_cdecl='sed -n -e '\''s/^. .* \(.*\)$/extern int \1;/p'\'''
lt_cv_sys_max_cmd_len=32768
lt_lt_cv_prog_compiler_c_o='"yes"'
lt_lt_cv_prog_compiler_c_o_CXX='"yes"'
lt_lt_cv_prog_compiler_c_o_F77='"yes"'
lt_lt_cv_sys_global_symbol_pipe='"sed -n -e '\''s/^.*[ 	]\\([ABCDGIRSTW][ABCDGIRSTW]*\\)[ 	][ 	]*\\(\\)\\([_A-Za-z][_A-Za-z0-9]*\\)\$/\\1 \\2\\3 \\3/p'\''"'
lt_lt_cv_sys_global_symbol_to_c_name_address='"sed -n -e '\''s/^: \\([^ ]*\\) \$/  {\\\"\\1\\\", (lt_ptr) 0},/p'\'' -e '\''s/^[BCDEGRST] \\([^ ]*\\) \\([^ ]*\\)\$/  {\"\\2\", (lt_ptr) \\&\\2},/p'\''"'
lt_lt_cv_sys_global_symbol_to_cdecl='"sed -n -e '\''s/^. .* \\(.*\\)\$/extern int \\1;/p'\''"'

## ----------------- ##
## Output variables. ##
## ----------------- ##

ACLOCAL='${SHELL} /home/hcchang/metertools/missing --run aclocal-1.9'
AMDEPBACKSLASH='\'
AMDEP_FALSE='#'
AMDEP_TRUE=''
AMTAR='${SHELL} /home/hcchang/metertools/missing --run tar'
AR='ar'
AUTOCONF='${SHELL} /home/hcchang/metertools/missing --run autoconf'
AUTOHEADER='${SHELL} /home/hcchang/metertools/missing --run autoheader'
AUTOMAKE='${SHELL} /home/hcchang/metertools/missing --run automake-1.9'
AWK='gawk'
CC='gcc'
CCDEPMODE='depmode=gcc3'
CFLAGS='-g -O2'
CPP='gcc -E'
CPPFLAGS=''
CXX='g++'
CXXCPP='g++ -E'
CXXDEPMODE='depmode=gcc3'
CXXFLAGS='-g -O2'
CYGPATH_W='echo'
DEFS='-DHAVE_CONFIG_H'
DEPDIR='.deps'
ECHO='echo'
ECHO_C=''
ECHO_N='-n'
ECHO_T=''
EGREP='grep -E'
EXEEXT=''
F77='g77'
FFLAGS='-g -O2'
INSTALL_DATA='${INSTALL} -m 644'
INSTALL_PROGRAM='${INSTALL}'
INSTALL_SCRIPT='${INSTALL}'
INSTALL_STRIP_PROGRAM='${SHELL} $(install_sh) -c -s'
LDFLAGS=''
LIBOBJS=''
LIBS=''
LIBTOOL='$(SHELL) $(top_builddir)/libtool'
LN_S='ln -s'
LTLIBOBJS=''
MAKEINFO='${SHELL} /home/hcchang/metertools/missing --run makeinfo'
NETLIBS=''
OBJEXT='o'
PACKAGE='meter-tools'
PACKAGE_BUGREPORT='mfemal@gmail.com'
PACKAGE_NAME='Meter Tools'
PACKAGE_STRING='Meter Tools 1.0.0'
PACKAGE_TARNAME='meter-tools'
PACKAGE_VERSION='1.0.0'
PATH_SEPARATOR=':'
RANLIB='ranlib'
SET_MAKE=''
SHELL='/bin/sh'
STRIP='strip'
VERSION='1.0.0'
ac_ct_AR='ar'
ac_ct_CC='gcc'
ac_ct_CXX='g++'
ac_ct_F77='g77'
ac_ct_RANLIB='ranlib'
ac_ct_STRIP='strip'
am__fastdepCC_FALSE='#'
am__fastdepCC_TRUE=''
am__fastdepCXX_FALSE='#'
am__fastdepCXX_TRUE=''
am__include='include'
am__leading_dot='.'
am__quote=''
am__tar='${AMTAR} chof - "$$tardir"'
am__untar='${AMTAR} xf -'
bindir='${exec_prefix}/bin'
build='x86_64-redhat-linux-gnu'
build_alias=''
build_cpu='x86_64'
build_os='linux-gnu'
build_vendor='redhat'
datadir='${prefix}/share'
exec_prefix='${prefix}'
host='x86_64-redhat-linux-gnu'
host_alias=''
host_cpu='x86_64'
host_os='linux-gnu'
host_vendor='redhat'
includedir='${prefix}/include'
infodir='${prefix}/info'
install_sh='/home/hcchang/metertools/install-sh'
libdir='${exec_prefix}/lib'
libexecdir='${exec_prefix}/libexec'
localstatedir='${prefix}/var'
mandir='${prefix}/man'
meter_host='localhost'
meter_tcp_port='6999'
mkdir_p='mkdir -p --'
oldincludedir='/usr/include'
prefix='/usr/local'
program_transform_name='s,x,x,'
sbindir='${exec_prefix}/sbin'
serial_port='/dev/ttyS0'
sharedstatedir='${prefix}/com'
sysconfdir='${prefix}/etc'
target_alias=''

## ----------- ##
## confdefs.h. ##
## ----------- ##

#define HAVE_ARPA_INET_H 1
#define HAVE_DIRENT_H 1
#define HAVE_DLFCN_H 1
#define HAVE_FLOCK 1
#define HAVE_INTTYPES_H 1
#define HAVE_ISO_VARARGS 1
#define HAVE_LOCKF 1
#define HAVE_MATH_H 1
#define HAVE_MEMCPY 1
#define HAVE_MEMORY_H 1
#define HAVE_MEMSET 1
#define HAVE_NANOSLEEP 1
#define HAVE_NETINET_IN_H 1
#define HAVE_SCHED_H 1
#define HAVE_STDINT_H 1
#define HAVE_STDLIB_H 1
#define HAVE_STRINGS_H 1
#define HAVE_STRING_H 1
#define HAVE_STRING_H 1
#define HAVE_SYSLOG_H 1
#define HAVE_SYS_SOCKET_H 1
#define HAVE_SYS_STAT_H 1
#define HAVE_SYS_TIME_H 1
#define HAVE_SYS_TYPES_H 1
#define HAVE_SYS_TYPES_H 1
#define HAVE_SYS_WAIT_H 1
#define HAVE_UNISTD_H 1
#define METER_HOST "localhost"
#define METER_TCP_PORT 6999
#define PACKAGE "meter-tools"
#define PACKAGE_BUGREPORT "mfemal@gmail.com"
#define PACKAGE_NAME "Meter Tools"
#define PACKAGE_STRING "Meter Tools 1.0.0"
#define PACKAGE_TARNAME "meter-tools"
#define PACKAGE_VERSION "1.0.0"
#define RETSIGTYPE void
#define SERIAL_PORT "/dev/ttyS0"
#define STDC_HEADERS 1
#define STDC_HEADERS 1
#define STDIO_H_DECLARES_VSNPRINTF 1
#define TIME_WITH_SYS_TIME 1
#define VERSION "1.0.0"
#endif
#ifdef __cplusplus
extern "C" void exit (int) throw ();

configure: exit 0
