Build started 3/30/2014 12:13:51 AM.
     1>Project "C:\Documents and Settings\All Users\Documents\Visual Studio 2010\Projects\niserver_n13\niserver\niserver.vcxproj" on node 2 (build target(s)).
     1>InitializeBuildStatus:
         Creating "Debug\niserver.unsuccessfulbuild" because "AlwaysCreate" was specified.
       ClCompile:
         C:\Program Files\Microsoft Visual Studio 10.0\VC\bin\CL.exe /c /ZI /nologo /W3 /WX- /Od /Oy- /D WIN32 /D _DEBUG /D _CONSOLE /D _UNICODE /D UNICODE /Gm /EHsc /RTC1 /MDd /GS /fp:precise /Zc:wchar_t /Zc:forScope /Fo"Debug\\" /Fd"Debug\vc100.pdb" /Gd /TC /analyze- /errorReport:prompt connectsock.c "ContAcq-IntClk.c" netmeter.c nidaqmx_server.c utils.c
         utils.c
     1>c:\documents and settings\all users\documents\visual studio 2010\projects\niserver_n13\niserver\utils.c(64): warning C4996: '__timezone': This function or variable may be unsafe. Consider using _get_timezone instead. To disable deprecation, use _CRT_SECURE_NO_WARNINGS. See online help for details.
                 c:\program files\microsoft visual studio 10.0\vc\include\time.h(139) : see declaration of '__timezone'
     1>c:\documents and settings\all users\documents\visual studio 2010\projects\niserver_n13\niserver\utils.c(65): warning C4996: '__daylight': This function or variable may be unsafe. Consider using _get_daylight instead. To disable deprecation, use _CRT_SECURE_NO_WARNINGS. See online help for details.
                 c:\program files\microsoft visual studio 10.0\vc\include\time.h(131) : see declaration of '__daylight'
         nidaqmx_server.c
     1>c:\documents and settings\all users\documents\visual studio 2010\projects\niserver_n13\niserver\nidaqmx_server.c(86): warning C4047: 'function' : 'const char *' differs in levels of indirection from 'char (*)[1024]'
     1>c:\documents and settings\all users\documents\visual studio 2010\projects\niserver_n13\niserver\nidaqmx_server.c(86): warning C4024: 'send' : different types for formal and actual parameter 2
     1>c:\documents and settings\all users\documents\visual studio 2010\projects\niserver_n13\niserver\nidaqmx_server.c(49): warning C4101: 'value' : unreferenced local variable
     1>c:\documents and settings\all users\documents\visual studio 2010\projects\niserver_n13\niserver\nidaqmx_server.c(54): warning C4101: 'i' : unreferenced local variable
     1>c:\documents and settings\all users\documents\visual studio 2010\projects\niserver_n13\niserver\nidaqmx_server.c(51): warning C4101: 'pwr_arry' : unreferenced local variable
     1>c:\documents and settings\all users\documents\visual studio 2010\projects\niserver_n13\niserver\nidaqmx_server.c(52): warning C4101: 'pwr_val' : unreferenced local variable
     1>c:\documents and settings\all users\documents\visual studio 2010\projects\niserver_n13\niserver\nidaqmx_server.c(163): warning C4996: 'strncpy': This function or variable may be unsafe. Consider using strncpy_s instead. To disable deprecation, use _CRT_SECURE_NO_WARNINGS. See online help for details.
                 c:\program files\microsoft visual studio 10.0\vc\include\string.h(188) : see declaration of 'strncpy'
     1>c:\documents and settings\all users\documents\visual studio 2010\projects\niserver_n13\niserver\nidaqmx_server.c(278): warning C4033: 'client_req' must return a value
     1>c:\documents and settings\all users\documents\visual studio 2010\projects\niserver_n13\niserver\nidaqmx_server.c(122): warning C4101: 'r' : unreferenced local variable
     1>c:\documents and settings\all users\documents\visual studio 2010\projects\niserver_n13\niserver\nidaqmx_server.c(416): warning C4101: 'c' : unreferenced local variable
         netmeter.c
     1>c:\documents and settings\all users\documents\visual studio 2010\projects\niserver_n13\niserver\netmeter.c(75): warning C4013: 'write' undefined; assuming extern returning int
     1>c:\documents and settings\all users\documents\visual studio 2010\projects\niserver_n13\niserver\netmeter.c(77): warning C4013: 'close' undefined; assuming extern returning int
     1>c:\documents and settings\all users\documents\visual studio 2010\projects\niserver_n13\niserver\netmeter.c(103): warning C4013: 'read' undefined; assuming extern returning int
     1>c:\documents and settings\all users\documents\visual studio 2010\projects\niserver_n13\niserver\netmeter.c(82): warning C4101: 'value' : unreferenced local variable
     1>c:\documents and settings\all users\documents\visual studio 2010\projects\niserver_n13\niserver\netmeter.c(81): warning C4101: 'i' : unreferenced local variable
         ContAcq-IntClk.c
     1>c:\documents and settings\all users\documents\visual studio 2010\projects\niserver_n13\niserver\contacq-intclk.c(171): warning C4101: 'currentTime' : unreferenced local variable
     1>c:\documents and settings\all users\documents\visual studio 2010\projects\niserver_n13\niserver\contacq-intclk.c(170): warning C4101: 'now' : unreferenced local variable
         connectsock.c
         Generating Code...
     1>c:\documents and settings\all users\documents\visual studio 2010\projects\niserver_n13\niserver\connectsock.c(58): warning C4716: 'tcp_connect_serv' : must return a value
     1>c:\documents and settings\all users\documents\visual studio 2010\projects\niserver_n13\niserver\connectsock.c(90): warning C4716: 'pipe_connect' : must return a value
     1>c:\documents and settings\all users\documents\visual studio 2010\projects\niserver_n13\niserver\nidaqmx_server.c(279): warning C4715: 'client_req' : not all control paths return a value
       ManifestResourceCompile:
         C:\Program Files\Microsoft SDKs\Windows\v7.0A\bin\rc.exe /nologo /fo"Debug\niserver.exe.embed.manifest.res" Debug\niserver_manifest.rc 
       Link:
         C:\Program Files\Microsoft Visual Studio 10.0\VC\bin\link.exe /ERRORREPORT:PROMPT /OUT:"C:\Documents and Settings\All Users\Documents\Visual Studio 2010\Projects\niserver_n13\Debug\niserver.exe" /INCREMENTAL /NOLOGO ws2_32.lib kernel32.lib user32.lib gdi32.lib winspool.lib comdlg32.lib advapi32.lib shell32.lib ole32.lib oleaut32.lib uuid.lib odbc32.lib odbccp32.lib /MANIFEST /ManifestFile:"Debug\niserver.exe.intermediate.manifest" /MANIFESTUAC:"level='asInvoker' uiAccess='false'" /DEBUG /PDB:"C:\Documents and Settings\All Users\Documents\Visual Studio 2010\Projects\niserver_n13\Debug\niserver.pdb" /SUBSYSTEM:CONSOLE /TLBID:1 /DYNAMICBASE /NXCOMPAT /IMPLIB:"C:\Documents and Settings\All Users\Documents\Visual Studio 2010\Projects\niserver_n13\Debug\niserver.lib" /MACHINE:X86 Debug\niserver.exe.embed.manifest.res
         Debug\connectsock.obj
         "Debug\ContAcq-IntClk.obj"
         Debug\netmeter.obj
         Debug\nidaqmx_server.obj
         Debug\utils.obj
         "..\..\..\..\..\..\..\Program Files\National Instruments\NI-DAQ\DAQmx ANSI C Dev\lib\msvc\NIDAQmx.lib"
       Manifest:
         C:\Program Files\Microsoft SDKs\Windows\v7.0A\bin\mt.exe /nologo /verbose /out:"Debug\niserver.exe.embed.manifest" /manifest Debug\niserver.exe.intermediate.manifest
         C:\Program Files\Microsoft SDKs\Windows\v7.0A\bin\rc.exe /nologo /fo"Debug\niserver.exe.embed.manifest.res" Debug\niserver_manifest.rc 
       LinkEmbedManifest:
         C:\Program Files\Microsoft Visual Studio 10.0\VC\bin\link.exe /ERRORREPORT:PROMPT /OUT:"C:\Documents and Settings\All Users\Documents\Visual Studio 2010\Projects\niserver_n13\Debug\niserver.exe" /INCREMENTAL /NOLOGO ws2_32.lib kernel32.lib user32.lib gdi32.lib winspool.lib comdlg32.lib advapi32.lib shell32.lib ole32.lib oleaut32.lib uuid.lib odbc32.lib odbccp32.lib /MANIFEST /ManifestFile:"Debug\niserver.exe.intermediate.manifest" /MANIFESTUAC:"level='asInvoker' uiAccess='false'" /DEBUG /PDB:"C:\Documents and Settings\All Users\Documents\Visual Studio 2010\Projects\niserver_n13\Debug\niserver.pdb" /SUBSYSTEM:CONSOLE /TLBID:1 /DYNAMICBASE /NXCOMPAT /IMPLIB:"C:\Documents and Settings\All Users\Documents\Visual Studio 2010\Projects\niserver_n13\Debug\niserver.lib" /MACHINE:X86 Debug\niserver.exe.embed.manifest.res
         Debug\connectsock.obj
         "Debug\ContAcq-IntClk.obj"
         Debug\netmeter.obj
         Debug\nidaqmx_server.obj
         Debug\utils.obj
         "..\..\..\..\..\..\..\Program Files\National Instruments\NI-DAQ\DAQmx ANSI C Dev\lib\msvc\NIDAQmx.lib"
         niserver.vcxproj -> C:\Documents and Settings\All Users\Documents\Visual Studio 2010\Projects\niserver_n13\Debug\niserver.exe
       FinalizeBuildStatus:
         Deleting file "Debug\niserver.unsuccessfulbuild".
         Touching "Debug\niserver.lastbuildstate".
     1>Done Building Project "C:\Documents and Settings\All Users\Documents\Visual Studio 2010\Projects\niserver_n13\niserver\niserver.vcxproj" (build target(s)).

Build succeeded.

Time Elapsed 00:00:04.04
