This file contains any messages produced by compilers while
running configure, to aid debugging if configure makes a mistake.

It was created by Meter Tools configure 1.0.0, which was
generated by GNU Autoconf 2.63.  Invocation command line was

  $ ./configure --no-create --no-recursion

## --------- ##
## Platform. ##
## --------- ##

hostname = dori.cs.vt.edu
uname -m = x86_64
uname -r = 2.6.32-504.16.2.el6.x86_64
uname -s = Linux
uname -v = #1 SMP Wed Apr 22 06:48:29 UTC 2015

/usr/bin/uname -p = unknown
/bin/uname -X     = unknown

/bin/arch              = x86_64
/usr/bin/arch -k       = unknown
/usr/convex/getsysinfo = unknown
/usr/bin/hostinfo      = unknown
/bin/machine           = unknown
/usr/bin/oslevel       = unknown
/bin/universe          = unknown

PATH: /usr/lib64/qt-3.3/bin
PATH: /usr/lib64/ccache
PATH: /usr/local/sbin
PATH: /usr/local/bin
PATH: /sbin
PATH: /bin
PATH: /usr/sbin
PATH: /usr/bin
PATH: /opt/pbs/bin
PATH: /opt/pbs/sbin
PATH: /opt/torque/x86_64/bin
PATH: /opt/torque/x86_64/sbin
PATH: /root/bin


## ----------- ##
## Core tests. ##
## ----------- ##

configure:2093: checking for a BSD-compatible install
configure:2161: result: /usr/bin/install -c
configure:2172: checking whether build environment is sane
configure:2215: result: yes
configure:2277: checking for gawk
configure:2293: found /bin/gawk
configure:2304: result: gawk
configure:2315: checking whether make sets $(MAKE)
configure:2337: result: yes
configure:2523: checking build system type
configure:2541: result: x86_64-redhat-linux-gnu
configure:2563: checking host system type
configure:2578: result: x86_64-redhat-linux-gnu
configure:2657: checking for gcc
configure:2673: found /usr/lib64/ccache/gcc
configure:2684: result: gcc
configure:2916: checking for C compiler version
configure:2924: gcc --version >&5
gcc (GCC) 5.3.0
Copyright (C) 2015 Free Software Foundation, Inc.
This is free software; see the source for copying conditions.  There is NO
warranty; not even for MERCHANTABILITY or FITNESS FOR A PARTICULAR PURPOSE.

configure:2928: $? = 0
configure:2935: gcc -v >&5
Using built-in specs.
COLLECT_GCC=/usr/local/bin/gcc
COLLECT_LTO_WRAPPER=/usr/local/libexec/gcc/x86_64-unknown-linux-gnu/5.3.0/lto-wrapper
Target: x86_64-unknown-linux-gnu
Configured with: ../configure --with-system-zlib --enable-bootstrap --enable-languages=c,c++ --enable-multilib
Thread model: posix
gcc version 5.3.0 (GCC) 
configure:2939: $? = 0
configure:2946: gcc -V >&5
gcc: error: unrecognized command line option '-V'
gcc: fatal error: no input files
compilation terminated.
configure:2950: $? = 1
configure:2973: checking for C compiler default output file name
configure:2995: gcc    conftest.c  >&5
configure:2999: $? = 0
configure:3037: result: a.out
configure:3056: checking whether the C compiler works
configure:3066: ./a.out
configure:3070: $? = 0
configure:3089: result: yes
configure:3096: checking whether we are cross compiling
configure:3098: result: no
configure:3101: checking for suffix of executables
configure:3108: gcc -o conftest    conftest.c  >&5
configure:3112: $? = 0
configure:3138: result: 
configure:3144: checking for suffix of object files
configure:3170: gcc -c   conftest.c >&5
configure:3174: $? = 0
configure:3199: result: o
configure:3203: checking whether we are using the GNU C compiler
configure:3232: gcc -c   conftest.c >&5
configure:3239: $? = 0
configure:3256: result: yes
configure:3265: checking whether gcc accepts -g
configure:3295: gcc -c -g  conftest.c >&5
configure:3302: $? = 0
configure:3403: result: yes
configure:3420: checking for gcc option to accept ISO C89
configure:3494: gcc  -c -g -O2  conftest.c >&5
configure:3501: $? = 0
configure:3524: result: none needed
configure:3553: checking for style of include used by make
configure:3581: result: GNU
configure:3609: checking dependency style of gcc
configure:3699: result: gcc3
configure:3721: checking how to run the C preprocessor
configure:3761: gcc -E  conftest.c
configure:3768: $? = 0
configure:3799: gcc -E  conftest.c
conftest.c:10:28: fatal error: ac_nonexistent.h: No such file or directory
compilation terminated.
configure:3806: $? = 1
configure: failed program was:
| /* confdefs.h.  */
| #define PACKAGE_NAME "Meter Tools"
| #define PACKAGE_TARNAME "meter-tools"
| #define PACKAGE_VERSION "1.0.0"
| #define PACKAGE_STRING "Meter Tools 1.0.0"
| #define PACKAGE_BUGREPORT "mfemal@gmail.com"
| #define PACKAGE "meter-tools"
| #define VERSION "1.0.0"
| /* end confdefs.h.  */
| #include <ac_nonexistent.h>
configure:3839: result: gcc -E
configure:3868: gcc -E  conftest.c
configure:3875: $? = 0
configure:3906: gcc -E  conftest.c
conftest.c:10:28: fatal error: ac_nonexistent.h: No such file or directory
compilation terminated.
configure:3913: $? = 1
configure: failed program was:
| /* confdefs.h.  */
| #define PACKAGE_NAME "Meter Tools"
| #define PACKAGE_TARNAME "meter-tools"
| #define PACKAGE_VERSION "1.0.0"
| #define PACKAGE_STRING "Meter Tools 1.0.0"
| #define PACKAGE_BUGREPORT "mfemal@gmail.com"
| #define PACKAGE "meter-tools"
| #define VERSION "1.0.0"
| /* end confdefs.h.  */
| #include <ac_nonexistent.h>
configure:4024: checking for a sed that does not truncate output
configure:4078: result: /bin/sed
configure:4081: checking for grep that handles long lines and -e
configure:4141: result: /bin/grep
configure:4146: checking for egrep
configure:4210: result: /bin/grep -E
configure:4226: checking for ld used by gcc
configure:4293: result: /usr/bin/ld
configure:4302: checking if the linker (/usr/bin/ld) is GNU ld
configure:4317: result: yes
configure:4322: checking for /usr/bin/ld option to reload object files
configure:4329: result: -r
configure:4338: checking for BSD-compatible nm
configure:4380: result: /usr/bin/nm -B
configure:4384: checking whether ln -s works
configure:4388: result: yes
configure:4395: checking how to recognise dependent libraries
configure:4578: result: pass_all
configure:4663: gcc -c -g -O2  conftest.c >&5
configure:4666: $? = 0
configure:4789: checking for ANSI C header files
configure:4819: gcc -c -g -O2  conftest.c >&5
configure:4826: $? = 0
configure:4925: gcc -o conftest -g -O2   conftest.c  >&5
configure:4929: $? = 0
configure:4935: ./conftest
configure:4939: $? = 0
configure:4957: result: yes
configure:4981: checking for sys/types.h
configure:5002: gcc -c -g -O2  conftest.c >&5
configure:5009: $? = 0
configure:5026: result: yes
configure:4981: checking for sys/stat.h
configure:5002: gcc -c -g -O2  conftest.c >&5
configure:5009: $? = 0
configure:5026: result: yes
configure:4981: checking for stdlib.h
configure:5002: gcc -c -g -O2  conftest.c >&5
configure:5009: $? = 0
configure:5026: result: yes
configure:4981: checking for string.h
configure:5002: gcc -c -g -O2  conftest.c >&5
configure:5009: $? = 0
configure:5026: result: yes
configure:4981: checking for memory.h
configure:5002: gcc -c -g -O2  conftest.c >&5
configure:5009: $? = 0
configure:5026: result: yes
configure:4981: checking for strings.h
configure:5002: gcc -c -g -O2  conftest.c >&5
configure:5009: $? = 0
configure:5026: result: yes
configure:4981: checking for inttypes.h
configure:5002: gcc -c -g -O2  conftest.c >&5
configure:5009: $? = 0
configure:5026: result: yes
configure:4981: checking for stdint.h
configure:5002: gcc -c -g -O2  conftest.c >&5
configure:5009: $? = 0
configure:5026: result: yes
configure:4981: checking for unistd.h
configure:5002: gcc -c -g -O2  conftest.c >&5
configure:5009: $? = 0
configure:5026: result: yes
configure:5056: checking dlfcn.h usability
configure:5073: gcc -c -g -O2  conftest.c >&5
configure:5080: $? = 0
configure:5094: result: yes
configure:5098: checking dlfcn.h presence
configure:5113: gcc -E  conftest.c
configure:5120: $? = 0
configure:5134: result: yes
configure:5167: checking for dlfcn.h
configure:5176: result: yes
configure:5249: checking for g++
configure:5265: found /usr/lib64/ccache/g++
configure:5276: result: g++
configure:5303: checking for C++ compiler version
configure:5311: g++ --version >&5
g++ (GCC) 5.3.0
Copyright (C) 2015 Free Software Foundation, Inc.
This is free software; see the source for copying conditions.  There is NO
warranty; not even for MERCHANTABILITY or FITNESS FOR A PARTICULAR PURPOSE.

configure:5315: $? = 0
configure:5322: g++ -v >&5
Using built-in specs.
COLLECT_GCC=/usr/local/bin/g++
COLLECT_LTO_WRAPPER=/usr/local/libexec/gcc/x86_64-unknown-linux-gnu/5.3.0/lto-wrapper
Target: x86_64-unknown-linux-gnu
Configured with: ../configure --with-system-zlib --enable-bootstrap --enable-languages=c,c++ --enable-multilib
Thread model: posix
gcc version 5.3.0 (GCC) 
configure:5326: $? = 0
configure:5333: g++ -V >&5
g++: error: unrecognized command line option '-V'
g++: fatal error: no input files
compilation terminated.
configure:5337: $? = 1
configure:5340: checking whether we are using the GNU C++ compiler
configure:5369: g++ -c   conftest.cpp >&5
configure:5376: $? = 0
configure:5393: result: yes
configure:5402: checking whether g++ accepts -g
configure:5432: g++ -c -g  conftest.cpp >&5
configure:5439: $? = 0
configure:5540: result: yes
configure:5565: checking dependency style of g++
configure:5655: result: gcc3
configure:5677: checking how to run the C++ preprocessor
configure:5713: g++ -E  conftest.cpp
configure:5720: $? = 0
configure:5751: g++ -E  conftest.cpp
conftest.cpp:21:28: fatal error: ac_nonexistent.h: No such file or directory
compilation terminated.
configure:5758: $? = 1
configure: failed program was:
| /* confdefs.h.  */
| #define PACKAGE_NAME "Meter Tools"
| #define PACKAGE_TARNAME "meter-tools"
| #define PACKAGE_VERSION "1.0.0"
| #define PACKAGE_STRING "Meter Tools 1.0.0"
| #define PACKAGE_BUGREPORT "mfemal@gmail.com"
| #define PACKAGE "meter-tools"
| #define VERSION "1.0.0"
| #define STDC_HEADERS 1
| #define HAVE_SYS_TYPES_H 1
| #define HAVE_SYS_STAT_H 1
| #define HAVE_STDLIB_H 1
| #define HAVE_STRING_H 1
| #define HAVE_MEMORY_H 1
| #define HAVE_STRINGS_H 1
| #define HAVE_INTTYPES_H 1
| #define HAVE_STDINT_H 1
| #define HAVE_UNISTD_H 1
| #define HAVE_DLFCN_H 1
| /* end confdefs.h.  */
| #include <ac_nonexistent.h>
configure:5791: result: g++ -E
configure:5820: g++ -E  conftest.cpp
configure:5827: $? = 0
configure:5858: g++ -E  conftest.cpp
conftest.cpp:21:28: fatal error: ac_nonexistent.h: No such file or directory
compilation terminated.
configure:5865: $? = 1
configure: failed program was:
| /* confdefs.h.  */
| #define PACKAGE_NAME "Meter Tools"
| #define PACKAGE_TARNAME "meter-tools"
| #define PACKAGE_VERSION "1.0.0"
| #define PACKAGE_STRING "Meter Tools 1.0.0"
| #define PACKAGE_BUGREPORT "mfemal@gmail.com"
| #define PACKAGE "meter-tools"
| #define VERSION "1.0.0"
| #define STDC_HEADERS 1
| #define HAVE_SYS_TYPES_H 1
| #define HAVE_SYS_STAT_H 1
| #define HAVE_STDLIB_H 1
| #define HAVE_STRING_H 1
| #define HAVE_MEMORY_H 1
| #define HAVE_STRINGS_H 1
| #define HAVE_INTTYPES_H 1
| #define HAVE_STDINT_H 1
| #define HAVE_UNISTD_H 1
| #define HAVE_DLFCN_H 1
| /* end confdefs.h.  */
| #include <ac_nonexistent.h>
configure:5958: checking for g77
configure:5974: found /usr/bin/g77
configure:5985: result: g77
configure:6011: checking for Fortran 77 compiler version
configure:6019: g77 --version >&5
GNU Fortran (GCC) 3.4.6 20060404 (Red Hat 3.4.6-19.el6)
Copyright (C) 2006 Free Software Foundation, Inc.

GNU Fortran comes with NO WARRANTY, to the extent permitted by law.
You may redistribute copies of GNU Fortran
under the terms of the GNU General Public License.
For more information about these matters, see the file named COPYING
or type the command `info -f g77 Copying'.
configure:6023: $? = 0
configure:6030: g77 -v >&5
Reading specs from /usr/lib/gcc/x86_64-redhat-linux/3.4.6/specs
Configured with: ../configure --prefix=/usr --mandir=/usr/share/man --infodir=/usr/share/info --enable-shared --enable-threads=posix --disable-checking --with-system-zlib --enable-__cxa_atexit --disable-libunwind-exceptions --enable-languages=c,c++,f77 --disable-libgcj --host=x86_64-redhat-linux
Thread model: posix
gcc version 3.4.6 20060404 (Red Hat 3.4.6-19.el6)
configure:6034: $? = 0
configure:6041: g77 -V >&5
g77: `-V' option must have argument
configure:6045: $? = 1
configure:6053: checking whether we are using the GNU Fortran 77 compiler
configure:6072: g77 -c  conftest.F >&5
configure:6079: $? = 0
configure:6096: result: yes
configure:6102: checking whether g77 accepts -g
configure:6119: g77 -c -g conftest.f >&5
configure:6126: $? = 0
configure:6142: result: yes
configure:6176: checking the maximum length of command line arguments
configure:6241: result: 
configure:6252: checking command to parse /usr/bin/nm -B output from gcc object
configure:6341: gcc -c -g -O2  conftest.c >&5
configure:6344: $? = 0
configure:6348: /usr/bin/nm -B conftest.o \| sed -n -e 's/^.*[ 	]\([ABCDGIRSTW][ABCDGIRSTW]*\)[ 	][ 	]*\(\)\([_A-Za-z][_A-Za-z0-9]*\)$/\1 \2\3 \3/p' \> conftest.nm
configure:6351: $? = 0
configure:6403: gcc -o conftest -g -O2   conftest.c conftstm.o >&5
configure:6406: $? = 0
configure:6444: result: ok
configure:6448: checking for objdir
configure:6463: result: .libs
configure:6555: checking for ar
configure:6571: found /usr/bin/ar
configure:6582: result: ar
configure:6647: checking for ranlib
configure:6663: found /usr/bin/ranlib
configure:6674: result: ranlib
configure:6739: checking for strip
configure:6755: found /usr/bin/strip
configure:6766: result: strip
configure:7038: checking if gcc static flag  works
configure:7061: result: yes
configure:7079: checking if gcc supports -fno-rtti -fno-exceptions
configure:7097: gcc -c -g -O2  -fno-rtti -fno-exceptions conftest.c >&5
cc1: warning: command line option '-fno-rtti' is valid for C++/ObjC++ but not for C
cc1: warning: command line option '-fno-rtti' is valid for C++/ObjC++ but not for C
configure:7101: $? = 0
configure:7112: result: no
configure:7127: checking for gcc option to produce PIC
configure:7304: result: -fPIC
configure:7312: checking if gcc PIC flag -fPIC works
configure:7330: gcc -c -g -O2  -fPIC -DPIC conftest.c >&5
configure:7334: $? = 0
configure:7345: result: yes
configure:7369: checking if gcc supports -c -o file.o
configure:7390: gcc -c -g -O2  -o out/conftest2.o conftest.c >&5
configure:7394: $? = 0
configure:7414: result: yes
configure:7440: checking whether the gcc linker (/usr/bin/ld -m elf_x86_64) supports shared libraries
configure:8292: result: yes
configure:8318: checking whether -lc should be explicitly linked in
configure:8323: gcc -c -g -O2  conftest.c >&5
configure:8326: $? = 0
configure:8340: gcc -shared conftest.o  -v -Wl,-soname -Wl,conftest -o conftest 2\>\&1 \| grep  -lc  \>/dev/null 2\>\&1
configure:8343: $? = 0
configure:8355: result: no
configure:8363: checking dynamic linker characteristics
configure:8729: gcc -c -g -O2  conftest.c >&5
configure:8732: $? = 0
configure:8924: result: GNU/Linux ld.so
configure:8928: checking how to hardcode library paths into programs
configure:8953: result: immediate
configure:8967: checking whether stripping libraries is possible
configure:8972: result: yes
configure:9797: checking if libtool supports shared libraries
configure:9799: result: yes
configure:9802: checking whether to build shared libraries
configure:9860: result: yes
configure:9863: checking whether to build static libraries
configure:9867: result: yes
configure:9959: creating libtool
configure:10506: checking for ld used by g++
configure:10573: result: /usr/bin/ld -m elf_x86_64
configure:10582: checking if the linker (/usr/bin/ld -m elf_x86_64) is GNU ld
configure:10597: result: yes
configure:10648: checking whether the g++ linker (/usr/bin/ld -m elf_x86_64) supports shared libraries
configure:11480: result: yes
configure:11498: g++ -c -g -O2  conftest.cc >&5
configure:11501: $? = 0
configure:11597: checking for g++ option to produce PIC
configure:11849: result: -fPIC
configure:11857: checking if g++ PIC flag -fPIC works
configure:11875: g++ -c -g -O2  -fPIC -DPIC conftest.cc >&5
configure:11879: $? = 0
configure:11890: result: yes
configure:11914: checking if g++ supports -c -o file.o
configure:11935: g++ -c -g -O2  -o out/conftest2.o conftest.cc >&5
configure:11939: $? = 0
configure:11959: result: yes
configure:11985: checking whether the g++ linker (/usr/bin/ld -m elf_x86_64) supports shared libraries
configure:12010: result: yes
configure:12081: checking dynamic linker characteristics
configure:12447: g++ -c -g -O2  conftest.cc >&5
configure:12450: $? = 0
configure:12642: result: GNU/Linux ld.so
configure:12646: checking how to hardcode library paths into programs
configure:12671: result: immediate
configure:12685: checking whether stripping libraries is possible
configure:12690: result: yes
configure:13992: checking if libtool supports shared libraries
configure:13994: result: yes
configure:13997: checking whether to build shared libraries
configure:14015: result: yes
configure:14018: checking whether to build static libraries
configure:14022: result: yes
configure:14034: checking for g77 option to produce PIC
configure:14211: result: -fPIC
configure:14219: checking if g77 PIC flag -fPIC works
configure:14237: g77 -c -g -O2 -fPIC conftest.f >&5
configure:14241: $? = 0
configure:14252: result: yes
configure:14276: checking if g77 supports -c -o file.o
configure:14297: g77 -c -g -O2 -o out/conftest2.o conftest.f >&5
configure:14301: $? = 0
configure:14321: result: yes
configure:14347: checking whether the g77 linker (/usr/bin/ld -m elf_x86_64) supports shared libraries
configure:15179: result: yes
configure:15250: checking dynamic linker characteristics
configure:15616: g77 -c -g -O2 conftest.f >&5
configure:15619: $? = 0
configure:15811: result: GNU/Linux ld.so
configure:15815: checking how to hardcode library paths into programs
configure:15840: result: immediate
configure:15854: checking whether stripping libraries is possible
configure:15859: result: yes
configure:19963: checking whether make sets $(MAKE)
configure:19985: result: yes
configure:19994: checking for inline
configure:20020: gcc -c -g -O2  conftest.c >&5
configure:20027: $? = 0
configure:20045: result: inline
configure:20065: checking for ISO C99 varargs macros in C
configure:20092: gcc -c -g -O2  conftest.c >&5
configure:20099: $? = 0
configure:20106: result: yes
configure:20128: checking for an ANSI C-conforming const
configure:20203: gcc -c -g -O2  conftest.c >&5
configure:20210: $? = 0
configure:20225: result: yes
configure:20235: checking for uid_t in sys/types.h
configure:20258: result: yes
configure:20273: checking for pid_t
configure:20301: gcc -c -g -O2  conftest.c >&5
configure:20308: $? = 0
configure:20335: gcc -c -g -O2  conftest.c >&5
conftest.c: In function 'main':
conftest.c:58:20: error: expected expression before ')' token
 if (sizeof ((pid_t)))
                    ^
configure:20342: $? = 1
configure: failed program was:
| /* confdefs.h.  */
| #define PACKAGE_NAME "Meter Tools"
| #define PACKAGE_TARNAME "meter-tools"
| #define PACKAGE_VERSION "1.0.0"
| #define PACKAGE_STRING "Meter Tools 1.0.0"
| #define PACKAGE_BUGREPORT "mfemal@gmail.com"
| #define PACKAGE "meter-tools"
| #define VERSION "1.0.0"
| #define STDC_HEADERS 1
| #define HAVE_SYS_TYPES_H 1
| #define HAVE_SYS_STAT_H 1
| #define HAVE_STDLIB_H 1
| #define HAVE_STRING_H 1
| #define HAVE_MEMORY_H 1
| #define HAVE_STRINGS_H 1
| #define HAVE_INTTYPES_H 1
| #define HAVE_STDINT_H 1
| #define HAVE_UNISTD_H 1
| #define HAVE_DLFCN_H 1
| #define HAVE_ISO_VARARGS 1
| /* end confdefs.h.  */
| #include <stdio.h>
| #ifdef HAVE_SYS_TYPES_H
| # include <sys/types.h>
| #endif
| #ifdef HAVE_SYS_STAT_H
| # include <sys/stat.h>
| #endif
| #ifdef STDC_HEADERS
| # include <stdlib.h>
| # include <stddef.h>
| #else
| # ifdef HAVE_STDLIB_H
| #  include <stdlib.h>
| # endif
| #endif
| #ifdef HAVE_STRING_H
| # if !defined STDC_HEADERS && defined HAVE_MEMORY_H
| #  include <memory.h>
| # endif
| # include <string.h>
| #endif
| #ifdef HAVE_STRINGS_H
| # include <strings.h>
| #endif
| #ifdef HAVE_INTTYPES_H
| # include <inttypes.h>
| #endif
| #ifdef HAVE_STDINT_H
| # include <stdint.h>
| #endif
| #ifdef HAVE_UNISTD_H
| # include <unistd.h>
| #endif
| int
| main ()
| {
| if (sizeof ((pid_t)))
| 	  return 0;
|   ;
|   return 0;
| }
configure:20365: result: yes
configure:20377: checking whether struct tm is in sys/time.h or time.h
configure:20407: gcc -c -g -O2  conftest.c >&5
configure:20414: $? = 0
configure:20429: result: time.h
configure:20439: checking for working memcmp
configure:20492: gcc -o conftest -g -O2   conftest.c  >&5
configure:20496: $? = 0
configure:20502: ./conftest
configure:20506: $? = 0
configure:20523: result: yes
configure:20532: checking return type of signal handlers
configure:20560: gcc -c -g -O2  conftest.c >&5
conftest.c: In function 'main':
conftest.c:28:9: error: void value not ignored as it ought to be
 return *(signal (0, 0)) (0) == 1;
         ^
configure:20567: $? = 1
configure: failed program was:
| /* confdefs.h.  */
| #define PACKAGE_NAME "Meter Tools"
| #define PACKAGE_TARNAME "meter-tools"
| #define PACKAGE_VERSION "1.0.0"
| #define PACKAGE_STRING "Meter Tools 1.0.0"
| #define PACKAGE_BUGREPORT "mfemal@gmail.com"
| #define PACKAGE "meter-tools"
| #define VERSION "1.0.0"
| #define STDC_HEADERS 1
| #define HAVE_SYS_TYPES_H 1
| #define HAVE_SYS_STAT_H 1
| #define HAVE_STDLIB_H 1
| #define HAVE_STRING_H 1
| #define HAVE_MEMORY_H 1
| #define HAVE_STRINGS_H 1
| #define HAVE_INTTYPES_H 1
| #define HAVE_STDINT_H 1
| #define HAVE_UNISTD_H 1
| #define HAVE_DLFCN_H 1
| #define HAVE_ISO_VARARGS 1
| /* end confdefs.h.  */
| #include <sys/types.h>
| #include <signal.h>
| 
| int
| main ()
| {
| return *(signal (0, 0)) (0) == 1;
|   ;
|   return 0;
| }
configure:20582: result: void
configure:20598: checking for dirent.h that defines DIR
configure:20627: gcc -c -g -O2  conftest.c >&5
configure:20634: $? = 0
configure:20651: result: yes
configure:20666: checking for library containing opendir
configure:20707: gcc -o conftest -g -O2   conftest.c  >&5
configure:20714: $? = 0
configure:20745: result: none required
configure:20843: checking for ANSI C header files
configure:21011: result: yes
configure:21021: checking for sys/wait.h that is POSIX.1 compatible
configure:21057: gcc -c -g -O2  conftest.c >&5
configure:21064: $? = 0
configure:21079: result: yes
configure:21094: checking for string.h
configure:21101: result: yes
configure:21256: checking math.h usability
configure:21273: gcc -c -g -O2  conftest.c >&5
configure:21280: $? = 0
configure:21294: result: yes
configure:21298: checking math.h presence
configure:21313: gcc -E  conftest.c
configure:21320: $? = 0
configure:21334: result: yes
configure:21367: checking for math.h
configure:21376: result: yes
configure:21407: checking sys/time.h usability
configure:21424: gcc -c -g -O2  conftest.c >&5
configure:21431: $? = 0
configure:21445: result: yes
configure:21449: checking sys/time.h presence
configure:21464: gcc -E  conftest.c
configure:21471: $? = 0
configure:21485: result: yes
configure:21518: checking for sys/time.h
configure:21527: result: yes
configure:21558: checking syslog.h usability
configure:21575: gcc -c -g -O2  conftest.c >&5
configure:21582: $? = 0
configure:21596: result: yes
configure:21600: checking syslog.h presence
configure:21615: gcc -E  conftest.c
configure:21622: $? = 0
configure:21636: result: yes
configure:21669: checking for syslog.h
configure:21678: result: yes
configure:21710: checking sys/sched.h usability
configure:21727: gcc -c -g -O2  conftest.c >&5
conftest.c:63:23: fatal error: sys/sched.h: No such file or directory
compilation terminated.
configure:21734: $? = 1
configure: failed program was:
| /* confdefs.h.  */
| #define PACKAGE_NAME "Meter Tools"
| #define PACKAGE_TARNAME "meter-tools"
| #define PACKAGE_VERSION "1.0.0"
| #define PACKAGE_STRING "Meter Tools 1.0.0"
| #define PACKAGE_BUGREPORT "mfemal@gmail.com"
| #define PACKAGE "meter-tools"
| #define VERSION "1.0.0"
| #define STDC_HEADERS 1
| #define HAVE_SYS_TYPES_H 1
| #define HAVE_SYS_STAT_H 1
| #define HAVE_STDLIB_H 1
| #define HAVE_STRING_H 1
| #define HAVE_MEMORY_H 1
| #define HAVE_STRINGS_H 1
| #define HAVE_INTTYPES_H 1
| #define HAVE_STDINT_H 1
| #define HAVE_UNISTD_H 1
| #define HAVE_DLFCN_H 1
| #define HAVE_ISO_VARARGS 1
| #define RETSIGTYPE void
| #define HAVE_DIRENT_H 1
| #define STDC_HEADERS 1
| #define HAVE_SYS_WAIT_H 1
| #define HAVE_STRING_H 1
| #define HAVE_MATH_H 1
| #define HAVE_SYS_TIME_H 1
| #define HAVE_SYSLOG_H 1
| /* end confdefs.h.  */
| #include <stdio.h>
| #ifdef HAVE_SYS_TYPES_H
| # include <sys/types.h>
| #endif
| #ifdef HAVE_SYS_STAT_H
| # include <sys/stat.h>
| #endif
| #ifdef STDC_HEADERS
| # include <stdlib.h>
| # include <stddef.h>
| #else
| # ifdef HAVE_STDLIB_H
| #  include <stdlib.h>
| # endif
| #endif
| #ifdef HAVE_STRING_H
| # if !defined STDC_HEADERS && defined HAVE_MEMORY_H
| #  include <memory.h>
| # endif
| # include <string.h>
| #endif
| #ifdef HAVE_STRINGS_H
| # include <strings.h>
| #endif
| #ifdef HAVE_INTTYPES_H
| # include <inttypes.h>
| #endif
| #ifdef HAVE_STDINT_H
| # include <stdint.h>
| #endif
| #ifdef HAVE_UNISTD_H
| # include <unistd.h>
| #endif
| #include <sys/sched.h>
configure:21748: result: no
configure:21752: checking sys/sched.h presence
configure:21767: gcc -E  conftest.c
conftest.c:30:23: fatal error: sys/sched.h: No such file or directory
compilation terminated.
configure:21774: $? = 1
configure: failed program was:
| /* confdefs.h.  */
| #define PACKAGE_NAME "Meter Tools"
| #define PACKAGE_TARNAME "meter-tools"
| #define PACKAGE_VERSION "1.0.0"
| #define PACKAGE_STRING "Meter Tools 1.0.0"
| #define PACKAGE_BUGREPORT "mfemal@gmail.com"
| #define PACKAGE "meter-tools"
| #define VERSION "1.0.0"
| #define STDC_HEADERS 1
| #define HAVE_SYS_TYPES_H 1
| #define HAVE_SYS_STAT_H 1
| #define HAVE_STDLIB_H 1
| #define HAVE_STRING_H 1
| #define HAVE_MEMORY_H 1
| #define HAVE_STRINGS_H 1
| #define HAVE_INTTYPES_H 1
| #define HAVE_STDINT_H 1
| #define HAVE_UNISTD_H 1
| #define HAVE_DLFCN_H 1
| #define HAVE_ISO_VARARGS 1
| #define RETSIGTYPE void
| #define HAVE_DIRENT_H 1
| #define STDC_HEADERS 1
| #define HAVE_SYS_WAIT_H 1
| #define HAVE_STRING_H 1
| #define HAVE_MATH_H 1
| #define HAVE_SYS_TIME_H 1
| #define HAVE_SYSLOG_H 1
| /* end confdefs.h.  */
| #include <sys/sched.h>
configure:21788: result: no
configure:21821: checking for sys/sched.h
configure:21830: result: no
configure:21710: checking sched.h usability
configure:21727: gcc -c -g -O2  conftest.c >&5
configure:21734: $? = 0
configure:21748: result: yes
configure:21752: checking sched.h presence
configure:21767: gcc -E  conftest.c
configure:21774: $? = 0
configure:21788: result: yes
configure:21821: checking for sched.h
configure:21830: result: yes
configure:21845: checking whether time.h and sys/time.h may both be included
configure:21875: gcc -c -g -O2  conftest.c >&5
configure:21882: $? = 0
configure:21897: result: yes
configure:21912: checking for memcpy
configure:21968: gcc -o conftest -g -O2   conftest.c  >&5
conftest.c:55:6: warning: conflicting types for built-in function 'memcpy'
 char memcpy ();
      ^
configure:21975: $? = 0
configure:21997: result: yes
configure:21912: checking for memset
configure:21968: gcc -o conftest -g -O2   conftest.c  >&5
conftest.c:56:6: warning: conflicting types for built-in function 'memset'
 char memset ();
      ^
configure:21975: $? = 0
configure:21997: result: yes
configure:22014: checking for lockf
configure:22070: gcc -o conftest -g -O2   conftest.c  >&5
configure:22077: $? = 0
configure:22099: result: yes
configure:22014: checking for flock
configure:22070: gcc -o conftest -g -O2   conftest.c  >&5
configure:22077: $? = 0
configure:22099: result: yes
configure:22115: checking for nanosleep
configure:22171: gcc -o conftest -g -O2   conftest.c  >&5
configure:22178: $? = 0
configure:22200: result: yes
configure:22353: checking whether stdio.h declares vsnprintf
configure:22371: result: yes
configure:22390: checking for sys/types.h
configure:22397: result: yes
configure:22401: checking sys/socket.h usability
configure:22418: gcc -c -g -O2  conftest.c >&5
configure:22425: $? = 0
configure:22439: result: yes
configure:22443: checking sys/socket.h presence
configure:22458: gcc -E  conftest.c
configure:22465: $? = 0
configure:22479: result: yes
configure:22512: checking for sys/socket.h
configure:22521: result: yes
configure:22401: checking netinet/in.h usability
configure:22418: gcc -c -g -O2  conftest.c >&5
configure:22425: $? = 0
configure:22439: result: yes
configure:22443: checking netinet/in.h presence
configure:22458: gcc -E  conftest.c
configure:22465: $? = 0
configure:22479: result: yes
configure:22512: checking for netinet/in.h
configure:22521: result: yes
configure:22401: checking arpa/inet.h usability
configure:22418: gcc -c -g -O2  conftest.c >&5
configure:22425: $? = 0
configure:22439: result: yes
configure:22443: checking arpa/inet.h presence
configure:22458: gcc -E  conftest.c
configure:22465: $? = 0
configure:22479: result: yes
configure:22512: checking for arpa/inet.h
configure:22521: result: yes
configure:22546: checking for library containing inet_ntoa
configure:22587: gcc -o conftest -g -O2   conftest.c  >&5
configure:22594: $? = 0
configure:22625: result: none required
configure:22637: checking for library containing socket
configure:22678: gcc -o conftest -g -O2   conftest.c  >&5
configure:22685: $? = 0
configure:22716: result: none required
configure:22766: checking for meter host
configure:22768: result: localhost
configure:22788: checking for meter TCP port
configure:22790: result: 6999
configure:22810: checking for serial port
configure:22812: result: /dev/ttyS0
configure:22959: creating ./config.status

## ---------------- ##
## Cache variables. ##
## ---------------- ##

ac_cv_build=x86_64-redhat-linux-gnu
ac_cv_c_compiler_gnu=yes
ac_cv_c_const=yes
ac_cv_c_inline=inline
ac_cv_cxx_compiler_gnu=yes
ac_cv_env_CCC_set=
ac_cv_env_CCC_value=
ac_cv_env_CC_set=
ac_cv_env_CC_value=
ac_cv_env_CFLAGS_set=
ac_cv_env_CFLAGS_value=
ac_cv_env_CPPFLAGS_set=
ac_cv_env_CPPFLAGS_value=
ac_cv_env_CPP_set=
ac_cv_env_CPP_value=
ac_cv_env_CXXCPP_set=
ac_cv_env_CXXCPP_value=
ac_cv_env_CXXFLAGS_set=
ac_cv_env_CXXFLAGS_value=
ac_cv_env_CXX_set=
ac_cv_env_CXX_value=
ac_cv_env_F77_set=
ac_cv_env_F77_value=
ac_cv_env_FFLAGS_set=
ac_cv_env_FFLAGS_value=
ac_cv_env_LDFLAGS_set=
ac_cv_env_LDFLAGS_value=
ac_cv_env_LIBS_set=
ac_cv_env_LIBS_value=
ac_cv_env_build_alias_set=
ac_cv_env_build_alias_value=
ac_cv_env_host_alias_set=
ac_cv_env_host_alias_value=
ac_cv_env_target_alias_set=
ac_cv_env_target_alias_value=
ac_cv_f77_compiler_gnu=yes
ac_cv_func_flock=yes
ac_cv_func_lockf=yes
ac_cv_func_memcmp_working=yes
ac_cv_func_memcpy=yes
ac_cv_func_memset=yes
ac_cv_func_nanosleep=yes
ac_cv_header_arpa_inet_h=yes
ac_cv_header_dirent_dirent_h=yes
ac_cv_header_dlfcn_h=yes
ac_cv_header_inttypes_h=yes
ac_cv_header_math_h=yes
ac_cv_header_memory_h=yes
ac_cv_header_netinet_in_h=yes
ac_cv_header_sched_h=yes
ac_cv_header_stdc=yes
ac_cv_header_stdint_h=yes
ac_cv_header_stdlib_h=yes
ac_cv_header_string_h=yes
ac_cv_header_strings_h=yes
ac_cv_header_sys_sched_h=no
ac_cv_header_sys_socket_h=yes
ac_cv_header_sys_stat_h=yes
ac_cv_header_sys_time_h=yes
ac_cv_header_sys_types_h=yes
ac_cv_header_sys_wait_h=yes
ac_cv_header_syslog_h=yes
ac_cv_header_time=yes
ac_cv_header_unistd_h=yes
ac_cv_host=x86_64-redhat-linux-gnu
ac_cv_objext=o
ac_cv_path_EGREP='/bin/grep -E'
ac_cv_path_GREP=/bin/grep
ac_cv_path_install='/usr/bin/install -c'
ac_cv_prog_AWK=gawk
ac_cv_prog_CPP='gcc -E'
ac_cv_prog_CXXCPP='g++ -E'
ac_cv_prog_ac_ct_AR=ar
ac_cv_prog_ac_ct_CC=gcc
ac_cv_prog_ac_ct_CXX=g++
ac_cv_prog_ac_ct_F77=g77
ac_cv_prog_ac_ct_RANLIB=ranlib
ac_cv_prog_ac_ct_STRIP=strip
ac_cv_prog_cc_c89=
ac_cv_prog_cc_g=yes
ac_cv_prog_cxx_g=yes
ac_cv_prog_f77_g=yes
ac_cv_prog_make_make_set=yes
ac_cv_search_inet_ntoa='none required'
ac_cv_search_opendir='none required'
ac_cv_search_socket='none required'
ac_cv_struct_tm=time.h
ac_cv_type_pid_t=yes
ac_cv_type_signal=void
ac_cv_type_uid_t=yes
am_cv_CC_dependencies_compiler_type=gcc3
am_cv_CXX_dependencies_compiler_type=gcc3
lt_cv_deplibs_check_method=pass_all
lt_cv_file_magic_cmd='$MAGIC_CMD'
lt_cv_file_magic_test_file='/lib/libc.so.6 /lib/libc-2.12.so'
lt_cv_ld_reload_flag=-r
lt_cv_objdir=.libs
lt_cv_path_LD=/usr/bin/ld
lt_cv_path_LDCXX='/usr/bin/ld -m elf_x86_64'
lt_cv_path_NM='/usr/bin/nm -B'
lt_cv_path_SED=/bin/sed
lt_cv_prog_compiler_c_o=yes
lt_cv_prog_compiler_c_o_CXX=yes
lt_cv_prog_compiler_c_o_F77=yes
lt_cv_prog_compiler_rtti_exceptions=no
lt_cv_prog_gnu_ld=yes
lt_cv_prog_gnu_ldcxx=yes
lt_cv_sys_global_symbol_pipe='sed -n -e '\''s/^.*[ 	]\([ABCDGIRSTW][ABCDGIRSTW]*\)[ 	][ 	]*\(\)\([_A-Za-z][_A-Za-z0-9]*\)$/\1 \2\3 \3/p'\'''
lt_cv_sys_global_symbol_to_c_name_address='sed -n -e '\''s/^: \([^ ]*\) $/  {\"\1\", (lt_ptr) 0},/p'\'' -e '\''s/^[BCDEGRST] \([^ ]*\) \([^ ]*\)$/  {"\2", (lt_ptr) \&\2},/p'\'''
lt_cv_sys_global_symbol_to_cdecl='sed -n -e '\''s/^. .* \(.*\)$/extern int \1;/p'\'''
lt_cv_sys_max_cmd_len=
lt_lt_cv_prog_compiler_c_o='"yes"'
lt_lt_cv_prog_compiler_c_o_CXX='"yes"'
lt_lt_cv_prog_compiler_c_o_F77='"yes"'
lt_lt_cv_sys_global_symbol_pipe='"sed -n -e '\''s/^.*[ 	]\\([ABCDGIRSTW][ABCDGIRSTW]*\\)[ 	][ 	]*\\(\\)\\([_A-Za-z][_A-Za-z0-9]*\\)\$/\\1 \\2\\3 \\3/p'\''"'
lt_lt_cv_sys_global_symbol_to_c_name_address='"sed -n -e '\''s/^: \\([^ ]*\\) \$/  {\\\"\\1\\\", (lt_ptr) 0},/p'\'' -e '\''s/^[BCDEGRST] \\([^ ]*\\) \\([^ ]*\\)\$/  {\"\\2\", (lt_ptr) \\&\\2},/p'\''"'
lt_lt_cv_sys_global_symbol_to_cdecl='"sed -n -e '\''s/^. .* \\(.*\\)\$/extern int \\1;/p'\''"'

## ----------------- ##
## Output variables. ##
## ----------------- ##

ACLOCAL='${SHELL} /home/cjearls/PowerPack/metertools/missing --run aclocal-1.9'
AMDEPBACKSLASH='\'
AMDEP_FALSE='#'
AMDEP_TRUE=''
AMTAR='${SHELL} /home/cjearls/PowerPack/metertools/missing --run tar'
AR='ar'
AUTOCONF='${SHELL} /home/cjearls/PowerPack/metertools/missing --run autoconf'
AUTOHEADER='${SHELL} /home/cjearls/PowerPack/metertools/missing --run autoheader'
AUTOMAKE='${SHELL} /home/cjearls/PowerPack/metertools/missing --run automake-1.9'
AWK='gawk'
CC='gcc'
CCDEPMODE='depmode=gcc3'
CFLAGS='-g -O2'
CPP='gcc -E'
CPPFLAGS=''
CXX='g++'
CXXCPP='g++ -E'
CXXDEPMODE='depmode=gcc3'
CXXFLAGS='-g -O2'
CYGPATH_W='echo'
DEFS='-DHAVE_CONFIG_H'
DEPDIR='.deps'
ECHO='echo'
ECHO_C=''
ECHO_N='-n'
ECHO_T=''
EGREP='/bin/grep -E'
EXEEXT=''
F77='g77'
FFLAGS='-g -O2'
GREP='/bin/grep'
INSTALL_DATA='${INSTALL} -m 644'
INSTALL_PROGRAM='${INSTALL}'
INSTALL_SCRIPT='${INSTALL}'
INSTALL_STRIP_PROGRAM='${SHELL} $(install_sh) -c -s'
LDFLAGS=''
LIBOBJS=''
LIBS=''
LIBTOOL='$(SHELL) $(top_builddir)/libtool'
LN_S='ln -s'
LTLIBOBJS=''
MAKEINFO='${SHELL} /home/cjearls/PowerPack/metertools/missing --run makeinfo'
NETLIBS=''
OBJEXT='o'
PACKAGE='meter-tools'
PACKAGE_BUGREPORT='mfemal@gmail.com'
PACKAGE_NAME='Meter Tools'
PACKAGE_STRING='Meter Tools 1.0.0'
PACKAGE_TARNAME='meter-tools'
PACKAGE_VERSION='1.0.0'
PATH_SEPARATOR=':'
RANLIB='ranlib'
SET_MAKE=''
SHELL='/bin/sh'
STRIP='strip'
VERSION='1.0.0'
ac_ct_CC='gcc'
ac_ct_CXX='g++'
ac_ct_F77='g77'
am__fastdepCC_FALSE='#'
am__fastdepCC_TRUE=''
am__fastdepCXX_FALSE='#'
am__fastdepCXX_TRUE=''
am__include='include'
am__leading_dot='.'
am__quote=''
am__tar='${AMTAR} chof - "$$tardir"'
am__untar='${AMTAR} xf -'
bindir='${exec_prefix}/bin'
build='x86_64-redhat-linux-gnu'
build_alias=''
build_cpu='x86_64'
build_os='linux-gnu'
build_vendor='redhat'
datadir='${datarootdir}'
datarootdir='${prefix}/share'
docdir='${datarootdir}/doc/${PACKAGE_TARNAME}'
dvidir='${docdir}'
exec_prefix='${prefix}'
host='x86_64-redhat-linux-gnu'
host_alias=''
host_cpu='x86_64'
host_os='linux-gnu'
host_vendor='redhat'
htmldir='${docdir}'
includedir='${prefix}/include'
infodir='${datarootdir}/info'
install_sh='/home/cjearls/PowerPack/metertools/install-sh'
libdir='${exec_prefix}/lib'
libexecdir='${exec_prefix}/libexec'
localedir='${datarootdir}/locale'
localstatedir='${prefix}/var'
mandir='${datarootdir}/man'
meter_host='localhost'
meter_tcp_port='6999'
mkdir_p='mkdir -p --'
oldincludedir='/usr/include'
pdfdir='${docdir}'
prefix='/usr/local'
program_transform_name='s,x,x,'
psdir='${docdir}'
sbindir='${exec_prefix}/sbin'
serial_port='/dev/ttyS0'
sharedstatedir='${prefix}/com'
sysconfdir='${prefix}/etc'
target_alias=''

## ----------- ##
## confdefs.h. ##
## ----------- ##

#define PACKAGE_NAME "Meter Tools"
#define PACKAGE_TARNAME "meter-tools"
#define PACKAGE_VERSION "1.0.0"
#define PACKAGE_STRING "Meter Tools 1.0.0"
#define PACKAGE_BUGREPORT "mfemal@gmail.com"
#define PACKAGE "meter-tools"
#define VERSION "1.0.0"
#define STDC_HEADERS 1
#define HAVE_SYS_TYPES_H 1
#define HAVE_SYS_STAT_H 1
#define HAVE_STDLIB_H 1
#define HAVE_STRING_H 1
#define HAVE_MEMORY_H 1
#define HAVE_STRINGS_H 1
#define HAVE_INTTYPES_H 1
#define HAVE_STDINT_H 1
#define HAVE_UNISTD_H 1
#define HAVE_DLFCN_H 1
#define HAVE_ISO_VARARGS 1
#define RETSIGTYPE void
#define HAVE_DIRENT_H 1
#define STDC_HEADERS 1
#define HAVE_SYS_WAIT_H 1
#define HAVE_STRING_H 1
#define HAVE_MATH_H 1
#define HAVE_SYS_TIME_H 1
#define HAVE_SYSLOG_H 1
#define HAVE_SCHED_H 1
#define TIME_WITH_SYS_TIME 1
#define HAVE_MEMCPY 1
#define HAVE_MEMSET 1
#define HAVE_LOCKF 1
#define HAVE_FLOCK 1
#define HAVE_NANOSLEEP 1
#define STDIO_H_DECLARES_VSNPRINTF 1
#define HAVE_SYS_TYPES_H 1
#define HAVE_SYS_SOCKET_H 1
#define HAVE_NETINET_IN_H 1
#define HAVE_ARPA_INET_H 1
#define METER_HOST "localhost"
#define METER_TCP_PORT 6999
#define SERIAL_PORT "/dev/ttyS0"

configure: exit 0

## ---------------------- ##
## Running config.status. ##
## ---------------------- ##

This file was extended by Meter Tools config.status 1.0.0, which was
generated by GNU Autoconf 2.63.  Invocation command line was

  CONFIG_FILES    = 
  CONFIG_HEADERS  = 
  CONFIG_LINKS    = 
  CONFIG_COMMANDS = 
  $ ./config.status 

on dori.cs.vt.edu

config.status:824: creating Makefile
config.status:971: WARNING:  'Makefile.in' seems to ignore the --datarootdir setting
config.status:824: creating m4/Makefile
config.status:971: WARNING:  'm4/Makefile.in' seems to ignore the --datarootdir setting
config.status:824: creating src/Makefile
config.status:971: WARNING:  'src/Makefile.in' seems to ignore the --datarootdir setting
config.status:824: creating src/mapi/Makefile
config.status:971: WARNING:  'src/mapi/Makefile.in' seems to ignore the --datarootdir setting
config.status:824: creating src/support/Makefile
config.status:971: WARNING:  'src/support/Makefile.in' seems to ignore the --datarootdir setting
config.status:824: creating src/tools/Makefile
config.status:971: WARNING:  'src/tools/Makefile.in' seems to ignore the --datarootdir setting
config.status:824: creating docs/Makefile
config.status:971: WARNING:  'docs/Makefile.in' seems to ignore the --datarootdir setting
config.status:824: creating config.h
config.status:1091: executing depfiles commands

## ---------------------- ##
## Running config.status. ##
## ---------------------- ##

This file was extended by Meter Tools config.status 1.0.0, which was
generated by GNU Autoconf 2.63.  Invocation command line was

  CONFIG_FILES    = 
  CONFIG_HEADERS  = 
  CONFIG_LINKS    = 
  CONFIG_COMMANDS = 
  $ ./config.status config.h

on dori.cs.vt.edu

config.status:824: creating config.h
config.status:1040: config.h is unchanged
